{"/home/handy/pinf/app_end/domain/growthCurve/age.ts": {"path":"/home/handy/pinf/app_end/domain/growthCurve/age.ts","statementMap":{"0":{"start":{"line":4,"column":19},"end":{"line":4,"column":null}},"1":{"start":{"line":5,"column":23},"end":{"line":5,"column":null}},"2":{"start":{"line":6,"column":24},"end":{"line":6,"column":null}},"3":{"start":{"line":16,"column":19},"end":{"line":16,"column":null}},"4":{"start":{"line":17,"column":2},"end":{"line":19,"column":null}},"5":{"start":{"line":18,"column":4},"end":{"line":18,"column":null}},"6":{"start":{"line":20,"column":2},"end":{"line":24,"column":null}},"7":{"start":{"line":21,"column":22},"end":{"line":21,"column":null}},"8":{"start":{"line":22,"column":4},"end":{"line":22,"column":null}},"9":{"start":{"line":23,"column":4},"end":{"line":23,"column":null}},"10":{"start":{"line":25,"column":2},"end":{"line":25,"column":null}},"11":{"start":{"line":29,"column":22},"end":{"line":29,"column":null}},"12":{"start":{"line":31,"column":2},"end":{"line":38,"column":null}},"13":{"start":{"line":32,"column":4},"end":{"line":37,"column":null}},"14":{"start":{"line":40,"column":2},"end":{"line":51,"column":null}},"15":{"start":{"line":41,"column":21},"end":{"line":41,"column":null}},"16":{"start":{"line":42,"column":20},"end":{"line":42,"column":null}},"17":{"start":{"line":43,"column":10},"end":{"line":43,"column":null}},"18":{"start":{"line":44,"column":23},"end":{"line":44,"column":null}},"19":{"start":{"line":45,"column":4},"end":{"line":50,"column":null}},"20":{"start":{"line":53,"column":2},"end":{"line":58,"column":null}},"21":{"start":{"line":62,"column":2},"end":{"line":62,"column":null}},"22":{"start":{"line":66,"column":28},"end":{"line":66,"column":null}},"23":{"start":{"line":67,"column":2},"end":{"line":69,"column":null}},"24":{"start":{"line":68,"column":4},"end":{"line":68,"column":null}},"25":{"start":{"line":70,"column":8},"end":{"line":70,"column":null}},"26":{"start":{"line":71,"column":2},"end":{"line":71,"column":null}},"27":{"start":{"line":75,"column":21},"end":{"line":75,"column":null}},"28":{"start":{"line":76,"column":19},"end":{"line":76,"column":null}},"29":{"start":{"line":77,"column":8},"end":{"line":77,"column":null}},"30":{"start":{"line":78,"column":23},"end":{"line":78,"column":null}},"31":{"start":{"line":80,"column":28},"end":{"line":80,"column":null}},"32":{"start":{"line":81,"column":24},"end":{"line":81,"column":null}},"33":{"start":{"line":82,"column":26},"end":{"line":82,"column":null}},"34":{"start":{"line":83,"column":22},"end":{"line":83,"column":null}},"35":{"start":{"line":85,"column":32},"end":{"line":85,"column":null}},"36":{"start":{"line":87,"column":2},"end":{"line":97,"column":null}},"37":{"start":{"line":88,"column":4},"end":{"line":96,"column":null}},"38":{"start":{"line":89,"column":6},"end":{"line":89,"column":null}},"39":{"start":{"line":90,"column":4},"end":{"line":96,"column":null}},"40":{"start":{"line":91,"column":22},"end":{"line":91,"column":null}},"41":{"start":{"line":92,"column":6},"end":{"line":95,"column":null}},"42":{"start":{"line":93,"column":14},"end":{"line":93,"column":null}},"43":{"start":{"line":94,"column":8},"end":{"line":94,"column":null}},"44":{"start":{"line":99,"column":2},"end":{"line":104,"column":null}}},"fnMap":{"0":{"name":"resolveCorrectedBirthday","decl":{"start":{"line":15,"column":9},"end":{"line":15,"column":34}},"loc":{"start":{"line":15,"column":52},"end":{"line":26,"column":null}},"line":15},"1":{"name":"resolvePrematurity","decl":{"start":{"line":28,"column":16},"end":{"line":28,"column":35}},"loc":{"start":{"line":28,"column":66},"end":{"line":59,"column":null}},"line":28},"2":{"name":"isPrematureBaby","decl":{"start":{"line":61,"column":16},"end":{"line":61,"column":32}},"loc":{"start":{"line":61,"column":53},"end":{"line":63,"column":null}},"line":61},"3":{"name":"getCurrentCorrectedMonthsFloat","decl":{"start":{"line":65,"column":16},"end":{"line":65,"column":47}},"loc":{"start":{"line":65,"column":88},"end":{"line":72,"column":null}},"line":65},"4":{"name":"calculateRecordAge","decl":{"start":{"line":74,"column":16},"end":{"line":74,"column":35}},"loc":{"start":{"line":74,"column":78},"end":{"line":105,"column":null}},"line":74}},"branchMap":{"0":{"loc":{"start":{"line":17,"column":2},"end":{"line":19,"column":null}},"type":"if","locations":[{"start":{"line":17,"column":2},"end":{"line":19,"column":null}},{"start":{},"end":{}}],"line":17},"1":{"loc":{"start":{"line":20,"column":2},"end":{"line":24,"column":null}},"type":"if","locations":[{"start":{"line":20,"column":2},"end":{"line":24,"column":null}},{"start":{},"end":{}}],"line":20},"2":{"loc":{"start":{"line":31,"column":2},"end":{"line":38,"column":null}},"type":"if","locations":[{"start":{"line":31,"column":2},"end":{"line":38,"column":null}},{"start":{},"end":{}}],"line":31},"3":{"loc":{"start":{"line":31,"column":6},"end":{"line":31,"column":105}},"type":"binary-expr","locations":[{"start":{"line":31,"column":6},"end":{"line":31,"column":45}},{"start":{"line":31,"column":45},"end":{"line":31,"column":76}},{"start":{"line":31,"column":76},"end":{"line":31,"column":105}}],"line":31},"4":{"loc":{"start":{"line":40,"column":2},"end":{"line":51,"column":null}},"type":"if","locations":[{"start":{"line":40,"column":2},"end":{"line":51,"column":null}},{"start":{},"end":{}}],"line":40},"5":{"loc":{"start":{"line":49,"column":18},"end":{"line":49,"column":null}},"type":"cond-expr","locations":[{"start":{"line":49,"column":48},"end":{"line":49,"column":61}},{"start":{"line":49,"column":61},"end":{"line":49,"column":null}}],"line":49},"6":{"loc":{"start":{"line":62,"column":10},"end":{"line":62,"column":null}},"type":"binary-expr","locations":[{"start":{"line":62,"column":10},"end":{"line":62,"column":49}},{"start":{"line":62,"column":49},"end":{"line":62,"column":80}},{"start":{"line":62,"column":80},"end":{"line":62,"column":null}}],"line":62},"7":{"loc":{"start":{"line":67,"column":2},"end":{"line":69,"column":null}},"type":"if","locations":[{"start":{"line":67,"column":2},"end":{"line":69,"column":null}},{"start":{},"end":{}}],"line":67},"8":{"loc":{"start":{"line":81,"column":24},"end":{"line":81,"column":null}},"type":"cond-expr","locations":[{"start":{"line":81,"column":57},"end":{"line":81,"column":62}},{"start":{"line":81,"column":57},"end":{"line":81,"column":null}}],"line":81},"9":{"loc":{"start":{"line":87,"column":2},"end":{"line":97,"column":null}},"type":"if","locations":[{"start":{"line":87,"column":2},"end":{"line":97,"column":null}},{"start":{},"end":{}}],"line":87},"10":{"loc":{"start":{"line":87,"column":6},"end":{"line":87,"column":56}},"type":"binary-expr","locations":[{"start":{"line":87,"column":6},"end":{"line":87,"column":38}},{"start":{"line":87,"column":38},"end":{"line":87,"column":56}}],"line":87},"11":{"loc":{"start":{"line":88,"column":4},"end":{"line":96,"column":null}},"type":"if","locations":[{"start":{"line":88,"column":4},"end":{"line":96,"column":null}},{"start":{"line":90,"column":4},"end":{"line":96,"column":null}}],"line":88},"12":{"loc":{"start":{"line":88,"column":8},"end":{"line":88,"column":107}},"type":"binary-expr","locations":[{"start":{"line":88,"column":8},"end":{"line":88,"column":47}},{"start":{"line":88,"column":47},"end":{"line":88,"column":78}},{"start":{"line":88,"column":78},"end":{"line":88,"column":107}}],"line":88},"13":{"loc":{"start":{"line":90,"column":4},"end":{"line":96,"column":null}},"type":"if","locations":[{"start":{"line":90,"column":4},"end":{"line":96,"column":null}},{"start":{},"end":{}}],"line":90},"14":{"loc":{"start":{"line":92,"column":6},"end":{"line":95,"column":null}},"type":"if","locations":[{"start":{"line":92,"column":6},"end":{"line":95,"column":null}},{"start":{},"end":{}}],"line":92}},"s":{"0":2,"1":2,"2":2,"3":7,"4":7,"5":0,"6":7,"7":4,"8":4,"9":4,"10":3,"11":17,"12":17,"13":10,"14":7,"15":1,"16":1,"17":1,"18":1,"19":1,"20":6,"21":0,"22":0,"23":0,"24":0,"25":0,"26":0,"27":7,"28":7,"29":7,"30":7,"31":7,"32":7,"33":7,"34":7,"35":7,"36":7,"37":7,"38":4,"39":3,"40":0,"41":0,"42":0,"43":0,"44":7},"f":{"0":7,"1":17,"2":0,"3":0,"4":7},"b":{"0":[0,7],"1":[4,3],"2":[10,7],"3":[17,10,10],"4":[1,6],"5":[1,0],"6":[0,0,0],"7":[0,0],"8":[3,4],"9":[7,0],"10":[7,7],"11":[4,3],"12":[7,4,4],"13":[0,3],"14":[0,0]},"meta":{"lastBranch":15,"lastFunction":5,"lastStatement":45,"seen":{"s:4:19:4:Infinity":0,"s:5:23:5:Infinity":1,"s:6:24:6:Infinity":2,"f:15:9:15:34":0,"s:16:19:16:Infinity":3,"b:17:2:19:Infinity:undefined:undefined:undefined:undefined":0,"s:17:2:19:Infinity":4,"s:18:4:18:Infinity":5,"b:20:2:24:Infinity:undefined:undefined:undefined:undefined":1,"s:20:2:24:Infinity":6,"s:21:22:21:Infinity":7,"s:22:4:22:Infinity":8,"s:23:4:23:Infinity":9,"s:25:2:25:Infinity":10,"f:28:16:28:35":1,"s:29:22:29:Infinity":11,"b:31:2:38:Infinity:undefined:undefined:undefined:undefined":2,"s:31:2:38:Infinity":12,"b:31:6:31:45:31:45:31:76:31:76:31:105":3,"s:32:4:37:Infinity":13,"b:40:2:51:Infinity:undefined:undefined:undefined:undefined":4,"s:40:2:51:Infinity":14,"s:41:21:41:Infinity":15,"s:42:20:42:Infinity":16,"s:43:10:43:Infinity":17,"s:44:23:44:Infinity":18,"s:45:4:50:Infinity":19,"b:49:48:49:61:49:61:49:Infinity":5,"s:53:2:58:Infinity":20,"f:61:16:61:32":2,"s:62:2:62:Infinity":21,"b:62:10:62:49:62:49:62:80:62:80:62:Infinity":6,"f:65:16:65:47":3,"s:66:28:66:Infinity":22,"b:67:2:69:Infinity:undefined:undefined:undefined:undefined":7,"s:67:2:69:Infinity":23,"s:68:4:68:Infinity":24,"s:70:8:70:Infinity":25,"s:71:2:71:Infinity":26,"f:74:16:74:35":4,"s:75:21:75:Infinity":27,"s:76:19:76:Infinity":28,"s:77:8:77:Infinity":29,"s:78:23:78:Infinity":30,"s:80:28:80:Infinity":31,"s:81:24:81:Infinity":32,"b:81:57:81:62:81:57:81:Infinity":8,"s:82:26:82:Infinity":33,"s:83:22:83:Infinity":34,"s:85:32:85:Infinity":35,"b:87:2:97:Infinity:undefined:undefined:undefined:undefined":9,"s:87:2:97:Infinity":36,"b:87:6:87:38:87:38:87:56":10,"b:88:4:96:Infinity:90:4:96:Infinity":11,"s:88:4:96:Infinity":37,"b:88:8:88:47:88:47:88:78:88:78:88:107":12,"s:89:6:89:Infinity":38,"b:90:4:96:Infinity:undefined:undefined:undefined:undefined":13,"s:90:4:96:Infinity":39,"s:91:22:91:Infinity":40,"b:92:6:95:Infinity:undefined:undefined:undefined:undefined":14,"s:92:6:95:Infinity":41,"s:93:14:93:Infinity":42,"s:94:8:94:Infinity":43,"s:99:2:104:Infinity":44}}}
,"/home/handy/pinf/app_end/domain/growthCurve/assessment.ts": {"path":"/home/handy/pinf/app_end/domain/growthCurve/assessment.ts","statementMap":{"0":{"start":{"line":6,"column":2},"end":{"line":6,"column":null}},"1":{"start":{"line":6,"column":27},"end":{"line":6,"column":null}},"2":{"start":{"line":7,"column":2},"end":{"line":7,"column":null}},"3":{"start":{"line":7,"column":24},"end":{"line":7,"column":null}},"4":{"start":{"line":8,"column":2},"end":{"line":8,"column":null}},"5":{"start":{"line":8,"column":40},"end":{"line":8,"column":null}},"6":{"start":{"line":10,"column":2},"end":{"line":24,"column":null}},"7":{"start":{"line":10,"column":15},"end":{"line":10,"column":18}},"8":{"start":{"line":11,"column":17},"end":{"line":11,"column":null}},"9":{"start":{"line":12,"column":18},"end":{"line":12,"column":null}},"10":{"start":{"line":13,"column":4},"end":{"line":23,"column":null}},"11":{"start":{"line":14,"column":12},"end":{"line":14,"column":null}},"12":{"start":{"line":15,"column":6},"end":{"line":22,"column":null}},"13":{"start":{"line":25,"column":2},"end":{"line":25,"column":null}},"14":{"start":{"line":29,"column":2},"end":{"line":29,"column":null}},"15":{"start":{"line":29,"column":25},"end":{"line":29,"column":null}},"16":{"start":{"line":30,"column":2},"end":{"line":30,"column":null}},"17":{"start":{"line":30,"column":26},"end":{"line":30,"column":null}},"18":{"start":{"line":31,"column":2},"end":{"line":31,"column":null}},"19":{"start":{"line":31,"column":26},"end":{"line":31,"column":null}},"20":{"start":{"line":32,"column":2},"end":{"line":32,"column":null}},"21":{"start":{"line":32,"column":26},"end":{"line":32,"column":null}},"22":{"start":{"line":33,"column":2},"end":{"line":33,"column":null}},"23":{"start":{"line":33,"column":26},"end":{"line":33,"column":null}},"24":{"start":{"line":34,"column":2},"end":{"line":34,"column":null}},"25":{"start":{"line":38,"column":2},"end":{"line":38,"column":null}},"26":{"start":{"line":38,"column":22},"end":{"line":38,"column":null}},"27":{"start":{"line":39,"column":2},"end":{"line":39,"column":null}},"28":{"start":{"line":39,"column":23},"end":{"line":39,"column":null}},"29":{"start":{"line":40,"column":2},"end":{"line":40,"column":null}},"30":{"start":{"line":44,"column":2},"end":{"line":44,"column":null}},"31":{"start":{"line":44,"column":29},"end":{"line":44,"column":null}},"32":{"start":{"line":45,"column":18},"end":{"line":45,"column":null}},"33":{"start":{"line":46,"column":16},"end":{"line":46,"column":null}},"34":{"start":{"line":47,"column":14},"end":{"line":47,"column":null}},"35":{"start":{"line":48,"column":16},"end":{"line":48,"column":null}},"36":{"start":{"line":49,"column":20},"end":{"line":49,"column":null}},"37":{"start":{"line":50,"column":2},"end":{"line":50,"column":null}},"38":{"start":{"line":50,"column":25},"end":{"line":50,"column":null}},"39":{"start":{"line":51,"column":2},"end":{"line":51,"column":null}},"40":{"start":{"line":51,"column":26},"end":{"line":51,"column":null}},"41":{"start":{"line":52,"column":2},"end":{"line":52,"column":null}},"42":{"start":{"line":62,"column":2},"end":{"line":69,"column":null}},"43":{"start":{"line":63,"column":4},"end":{"line":68,"column":null}},"44":{"start":{"line":71,"column":2},"end":{"line":78,"column":null}},"45":{"start":{"line":72,"column":4},"end":{"line":77,"column":null}},"46":{"start":{"line":80,"column":17},"end":{"line":80,"column":null}},"47":{"start":{"line":81,"column":27},"end":{"line":81,"column":null}},"48":{"start":{"line":82,"column":2},"end":{"line":89,"column":null}},"49":{"start":{"line":83,"column":4},"end":{"line":88,"column":null}},"50":{"start":{"line":91,"column":27},"end":{"line":91,"column":null}},"51":{"start":{"line":92,"column":2},"end":{"line":97,"column":null}}},"fnMap":{"0":{"name":"interpolateStandardPoint","decl":{"start":{"line":5,"column":9},"end":{"line":5,"column":34}},"loc":{"start":{"line":5,"column":112},"end":{"line":26,"column":null}},"line":5},"1":{"name":"percentileByBands","decl":{"start":{"line":28,"column":9},"end":{"line":28,"column":27}},"loc":{"start":{"line":28,"column":82},"end":{"line":35,"column":null}},"line":28},"2":{"name":"zoneByPercentile","decl":{"start":{"line":37,"column":9},"end":{"line":37,"column":26}},"loc":{"start":{"line":37,"column":57},"end":{"line":41,"column":null}},"line":37},"3":{"name":"resolveTrend","decl":{"start":{"line":43,"column":9},"end":{"line":43,"column":22}},"loc":{"start":{"line":43,"column":81},"end":{"line":53,"column":null}},"line":43},"4":{"name":"buildAssessment","decl":{"start":{"line":55,"column":16},"end":{"line":55,"column":null}},"loc":{"start":{"line":61,"column":14},"end":{"line":98,"column":null}},"line":61}},"branchMap":{"0":{"loc":{"start":{"line":6,"column":2},"end":{"line":6,"column":null}},"type":"if","locations":[{"start":{"line":6,"column":2},"end":{"line":6,"column":null}},{"start":{},"end":{}}],"line":6},"1":{"loc":{"start":{"line":7,"column":2},"end":{"line":7,"column":null}},"type":"if","locations":[{"start":{"line":7,"column":2},"end":{"line":7,"column":null}},{"start":{},"end":{}}],"line":7},"2":{"loc":{"start":{"line":8,"column":2},"end":{"line":8,"column":null}},"type":"if","locations":[{"start":{"line":8,"column":2},"end":{"line":8,"column":null}},{"start":{},"end":{}}],"line":8},"3":{"loc":{"start":{"line":13,"column":4},"end":{"line":23,"column":null}},"type":"if","locations":[{"start":{"line":13,"column":4},"end":{"line":23,"column":null}},{"start":{},"end":{}}],"line":13},"4":{"loc":{"start":{"line":13,"column":8},"end":{"line":13,"column":37}},"type":"binary-expr","locations":[{"start":{"line":13,"column":8},"end":{"line":13,"column":23}},{"start":{"line":13,"column":23},"end":{"line":13,"column":37}}],"line":13},"5":{"loc":{"start":{"line":14,"column":36},"end":{"line":14,"column":null}},"type":"binary-expr","locations":[{"start":{"line":14,"column":36},"end":{"line":14,"column":56}},{"start":{"line":14,"column":56},"end":{"line":14,"column":null}}],"line":14},"6":{"loc":{"start":{"line":29,"column":2},"end":{"line":29,"column":null}},"type":"if","locations":[{"start":{"line":29,"column":2},"end":{"line":29,"column":null}},{"start":{},"end":{}}],"line":29},"7":{"loc":{"start":{"line":30,"column":2},"end":{"line":30,"column":null}},"type":"if","locations":[{"start":{"line":30,"column":2},"end":{"line":30,"column":null}},{"start":{},"end":{}}],"line":30},"8":{"loc":{"start":{"line":30,"column":60},"end":{"line":30,"column":90}},"type":"binary-expr","locations":[{"start":{"line":30,"column":60},"end":{"line":30,"column":84}},{"start":{"line":30,"column":84},"end":{"line":30,"column":90}}],"line":30},"9":{"loc":{"start":{"line":31,"column":2},"end":{"line":31,"column":null}},"type":"if","locations":[{"start":{"line":31,"column":2},"end":{"line":31,"column":null}},{"start":{},"end":{}}],"line":31},"10":{"loc":{"start":{"line":31,"column":62},"end":{"line":31,"column":93}},"type":"binary-expr","locations":[{"start":{"line":31,"column":62},"end":{"line":31,"column":87}},{"start":{"line":31,"column":87},"end":{"line":31,"column":93}}],"line":31},"11":{"loc":{"start":{"line":32,"column":2},"end":{"line":32,"column":null}},"type":"if","locations":[{"start":{"line":32,"column":2},"end":{"line":32,"column":null}},{"start":{},"end":{}}],"line":32},"12":{"loc":{"start":{"line":32,"column":62},"end":{"line":32,"column":93}},"type":"binary-expr","locations":[{"start":{"line":32,"column":62},"end":{"line":32,"column":87}},{"start":{"line":32,"column":87},"end":{"line":32,"column":93}}],"line":32},"13":{"loc":{"start":{"line":33,"column":2},"end":{"line":33,"column":null}},"type":"if","locations":[{"start":{"line":33,"column":2},"end":{"line":33,"column":null}},{"start":{},"end":{}}],"line":33},"14":{"loc":{"start":{"line":33,"column":62},"end":{"line":33,"column":93}},"type":"binary-expr","locations":[{"start":{"line":33,"column":62},"end":{"line":33,"column":87}},{"start":{"line":33,"column":87},"end":{"line":33,"column":93}}],"line":33},"15":{"loc":{"start":{"line":38,"column":2},"end":{"line":38,"column":null}},"type":"if","locations":[{"start":{"line":38,"column":2},"end":{"line":38,"column":null}},{"start":{},"end":{}}],"line":38},"16":{"loc":{"start":{"line":39,"column":2},"end":{"line":39,"column":null}},"type":"if","locations":[{"start":{"line":39,"column":2},"end":{"line":39,"column":null}},{"start":{},"end":{}}],"line":39},"17":{"loc":{"start":{"line":44,"column":2},"end":{"line":44,"column":null}},"type":"if","locations":[{"start":{"line":44,"column":2},"end":{"line":44,"column":null}},{"start":{},"end":{}}],"line":44},"18":{"loc":{"start":{"line":50,"column":2},"end":{"line":50,"column":null}},"type":"if","locations":[{"start":{"line":50,"column":2},"end":{"line":50,"column":null}},{"start":{},"end":{}}],"line":50},"19":{"loc":{"start":{"line":51,"column":2},"end":{"line":51,"column":null}},"type":"if","locations":[{"start":{"line":51,"column":2},"end":{"line":51,"column":null}},{"start":{},"end":{}}],"line":51},"20":{"loc":{"start":{"line":62,"column":2},"end":{"line":69,"column":null}},"type":"if","locations":[{"start":{"line":62,"column":2},"end":{"line":69,"column":null}},{"start":{},"end":{}}],"line":62},"21":{"loc":{"start":{"line":71,"column":2},"end":{"line":78,"column":null}},"type":"if","locations":[{"start":{"line":71,"column":2},"end":{"line":78,"column":null}},{"start":{},"end":{}}],"line":71},"22":{"loc":{"start":{"line":82,"column":2},"end":{"line":89,"column":null}},"type":"if","locations":[{"start":{"line":82,"column":2},"end":{"line":89,"column":null}},{"start":{},"end":{}}],"line":82}},"s":{"0":10,"1":0,"2":10,"3":0,"4":10,"5":0,"6":10,"7":10,"8":34,"9":34,"10":34,"11":10,"12":10,"13":0,"14":10,"15":5,"16":5,"17":5,"18":4,"19":4,"20":2,"21":0,"22":2,"23":2,"24":2,"25":10,"26":0,"27":10,"28":2,"29":8,"30":10,"31":6,"32":4,"33":4,"34":4,"35":4,"36":4,"37":4,"38":2,"39":2,"40":2,"41":1,"42":18,"43":7,"44":11,"45":1,"46":10,"47":10,"48":10,"49":0,"50":10,"51":10},"f":{"0":10,"1":10,"2":10,"3":10,"4":18},"b":{"0":[0,10],"1":[0,10],"2":[0,10],"3":[10,24],"4":[34,34],"5":[10,0],"6":[5,5],"7":[1,4],"8":[1,0],"9":[2,2],"10":[2,0],"11":[0,2],"12":[0,0],"13":[0,2],"14":[0,0],"15":[0,10],"16":[2,8],"17":[6,4],"18":[2,2],"19":[1,1],"20":[7,11],"21":[1,10],"22":[0,10]},"meta":{"lastBranch":23,"lastFunction":5,"lastStatement":52,"seen":{"f:5:9:5:34":0,"b:6:2:6:Infinity:undefined:undefined:undefined:undefined":0,"s:6:2:6:Infinity":0,"s:6:27:6:Infinity":1,"b:7:2:7:Infinity:undefined:undefined:undefined:undefined":1,"s:7:2:7:Infinity":2,"s:7:24:7:Infinity":3,"b:8:2:8:Infinity:undefined:undefined:undefined:undefined":2,"s:8:2:8:Infinity":4,"s:8:40:8:Infinity":5,"s:10:2:24:Infinity":6,"s:10:15:10:18":7,"s:11:17:11:Infinity":8,"s:12:18:12:Infinity":9,"b:13:4:23:Infinity:undefined:undefined:undefined:undefined":3,"s:13:4:23:Infinity":10,"b:13:8:13:23:13:23:13:37":4,"s:14:12:14:Infinity":11,"b:14:36:14:56:14:56:14:Infinity":5,"s:15:6:22:Infinity":12,"s:25:2:25:Infinity":13,"f:28:9:28:27":1,"b:29:2:29:Infinity:undefined:undefined:undefined:undefined":6,"s:29:2:29:Infinity":14,"s:29:25:29:Infinity":15,"b:30:2:30:Infinity:undefined:undefined:undefined:undefined":7,"s:30:2:30:Infinity":16,"s:30:26:30:Infinity":17,"b:30:60:30:84:30:84:30:90":8,"b:31:2:31:Infinity:undefined:undefined:undefined:undefined":9,"s:31:2:31:Infinity":18,"s:31:26:31:Infinity":19,"b:31:62:31:87:31:87:31:93":10,"b:32:2:32:Infinity:undefined:undefined:undefined:undefined":11,"s:32:2:32:Infinity":20,"s:32:26:32:Infinity":21,"b:32:62:32:87:32:87:32:93":12,"b:33:2:33:Infinity:undefined:undefined:undefined:undefined":13,"s:33:2:33:Infinity":22,"s:33:26:33:Infinity":23,"b:33:62:33:87:33:87:33:93":14,"s:34:2:34:Infinity":24,"f:37:9:37:26":2,"b:38:2:38:Infinity:undefined:undefined:undefined:undefined":15,"s:38:2:38:Infinity":25,"s:38:22:38:Infinity":26,"b:39:2:39:Infinity:undefined:undefined:undefined:undefined":16,"s:39:2:39:Infinity":27,"s:39:23:39:Infinity":28,"s:40:2:40:Infinity":29,"f:43:9:43:22":3,"b:44:2:44:Infinity:undefined:undefined:undefined:undefined":17,"s:44:2:44:Infinity":30,"s:44:29:44:Infinity":31,"s:45:18:45:Infinity":32,"s:46:16:46:Infinity":33,"s:47:14:47:Infinity":34,"s:48:16:48:Infinity":35,"s:49:20:49:Infinity":36,"b:50:2:50:Infinity:undefined:undefined:undefined:undefined":18,"s:50:2:50:Infinity":37,"s:50:25:50:Infinity":38,"b:51:2:51:Infinity:undefined:undefined:undefined:undefined":19,"s:51:2:51:Infinity":39,"s:51:26:51:Infinity":40,"s:52:2:52:Infinity":41,"f:55:16:55:Infinity":4,"b:62:2:69:Infinity:undefined:undefined:undefined:undefined":20,"s:62:2:69:Infinity":42,"s:63:4:68:Infinity":43,"b:71:2:78:Infinity:undefined:undefined:undefined:undefined":21,"s:71:2:78:Infinity":44,"s:72:4:77:Infinity":45,"s:80:17:80:Infinity":46,"s:81:27:81:Infinity":47,"b:82:2:89:Infinity:undefined:undefined:undefined:undefined":22,"s:82:2:89:Infinity":48,"s:83:4:88:Infinity":49,"s:91:27:91:Infinity":50,"s:92:2:97:Infinity":51}}}
,"/home/handy/pinf/app_end/domain/growthCurve/axis.ts": {"path":"/home/handy/pinf/app_end/domain/growthCurve/axis.ts","statementMap":{"0":{"start":{"line":5,"column":2},"end":{"line":5,"column":null}},"1":{"start":{"line":14,"column":17},"end":{"line":14,"column":null}},"2":{"start":{"line":15,"column":2},"end":{"line":17,"column":null}},"3":{"start":{"line":16,"column":4},"end":{"line":16,"column":null}},"4":{"start":{"line":19,"column":18},"end":{"line":19,"column":null}},"5":{"start":{"line":20,"column":18},"end":{"line":20,"column":null}},"6":{"start":{"line":21,"column":17},"end":{"line":21,"column":null}},"7":{"start":{"line":22,"column":17},"end":{"line":22,"column":null}},"8":{"start":{"line":24,"column":2},"end":{"line":28,"column":null}},"9":{"start":{"line":32,"column":2},"end":{"line":32,"column":null}},"10":{"start":{"line":32,"column":30},"end":{"line":32,"column":56}},"11":{"start":{"line":36,"column":27},"end":{"line":36,"column":null}},"12":{"start":{"line":37,"column":2},"end":{"line":39,"column":null}},"13":{"start":{"line":38,"column":4},"end":{"line":38,"column":null}},"14":{"start":{"line":40,"column":2},"end":{"line":40,"column":null}},"15":{"start":{"line":40,"column":28},"end":{"line":40,"column":48}},"16":{"start":{"line":42,"column":2},"end":{"line":44,"column":null}},"17":{"start":{"line":43,"column":4},"end":{"line":43,"column":null}},"18":{"start":{"line":46,"column":14},"end":{"line":46,"column":null}},"19":{"start":{"line":47,"column":14},"end":{"line":47,"column":null}},"20":{"start":{"line":48,"column":8},"end":{"line":48,"column":null}},"21":{"start":{"line":49,"column":2},"end":{"line":52,"column":null}}},"fnMap":{"0":{"name":"clamp","decl":{"start":{"line":4,"column":9},"end":{"line":4,"column":15}},"loc":{"start":{"line":4,"column":64},"end":{"line":6,"column":null}},"line":4},"1":{"name":"computeXAxisWindow","decl":{"start":{"line":8,"column":16},"end":{"line":8,"column":null}},"loc":{"start":{"line":13,"column":53},"end":{"line":29,"column":null}},"line":13},"2":{"name":"filterPointsByXWindow","decl":{"start":{"line":31,"column":16},"end":{"line":31,"column":38}},"loc":{"start":{"line":31,"column":128},"end":{"line":33,"column":null}},"line":31},"3":{"name":"(anonymous_3)","decl":{"start":{"line":32,"column":23},"end":{"line":32,"column":24}},"loc":{"start":{"line":32,"column":30},"end":{"line":32,"column":56}},"line":32},"4":{"name":"computeYAxisWindow","decl":{"start":{"line":35,"column":16},"end":{"line":35,"column":35}},"loc":{"start":{"line":35,"column":138},"end":{"line":53,"column":null}},"line":35},"5":{"name":"(anonymous_5)","decl":{"start":{"line":37,"column":25},"end":{"line":37,"column":26}},"loc":{"start":{"line":37,"column":32},"end":{"line":39,"column":3}},"line":37},"6":{"name":"(anonymous_6)","decl":{"start":{"line":40,"column":21},"end":{"line":40,"column":22}},"loc":{"start":{"line":40,"column":28},"end":{"line":40,"column":48}},"line":40}},"branchMap":{"0":{"loc":{"start":{"line":15,"column":2},"end":{"line":17,"column":null}},"type":"if","locations":[{"start":{"line":15,"column":2},"end":{"line":17,"column":null}},{"start":{},"end":{}}],"line":15},"1":{"loc":{"start":{"line":19,"column":18},"end":{"line":19,"column":null}},"type":"cond-expr","locations":[{"start":{"line":19,"column":42},"end":{"line":19,"column":80}},{"start":{"line":19,"column":80},"end":{"line":19,"column":null}}],"line":19},"2":{"loc":{"start":{"line":32,"column":30},"end":{"line":32,"column":56}},"type":"binary-expr","locations":[{"start":{"line":32,"column":30},"end":{"line":32,"column":45}},{"start":{"line":32,"column":45},"end":{"line":32,"column":56}}],"line":32},"3":{"loc":{"start":{"line":42,"column":2},"end":{"line":44,"column":null}},"type":"if","locations":[{"start":{"line":42,"column":2},"end":{"line":44,"column":null}},{"start":{},"end":{}}],"line":42}},"s":{"0":10,"1":12,"2":12,"3":2,"4":10,"5":12,"6":12,"7":12,"8":12,"9":11,"10":184,"11":12,"12":12,"13":78,"14":12,"15":5,"16":12,"17":1,"18":11,"19":11,"20":11,"21":11},"f":{"0":10,"1":12,"2":11,"3":184,"4":12,"5":78,"6":5},"b":{"0":[2,10],"1":[3,7],"2":[184,180],"3":[1,11]},"meta":{"lastBranch":4,"lastFunction":7,"lastStatement":22,"seen":{"f:4:9:4:15":0,"s:5:2:5:Infinity":0,"f:8:16:8:Infinity":1,"s:14:17:14:Infinity":1,"b:15:2:17:Infinity:undefined:undefined:undefined:undefined":0,"s:15:2:17:Infinity":2,"s:16:4:16:Infinity":3,"s:19:18:19:Infinity":4,"b:19:42:19:80:19:80:19:Infinity":1,"s:20:18:20:Infinity":5,"s:21:17:21:Infinity":6,"s:22:17:22:Infinity":7,"s:24:2:28:Infinity":8,"f:31:16:31:38":2,"s:32:2:32:Infinity":9,"f:32:23:32:24":3,"s:32:30:32:56":10,"b:32:30:32:45:32:45:32:56":2,"f:35:16:35:35":4,"s:36:27:36:Infinity":11,"s:37:2:39:Infinity":12,"f:37:25:37:26":5,"s:38:4:38:Infinity":13,"s:40:2:40:Infinity":14,"f:40:21:40:22":6,"s:40:28:40:48":15,"b:42:2:44:Infinity:undefined:undefined:undefined:undefined":3,"s:42:2:44:Infinity":16,"s:43:4:43:Infinity":17,"s:46:14:46:Infinity":18,"s:47:14:47:Infinity":19,"s:48:8:48:Infinity":20,"s:49:2:52:Infinity":21}}}
,"/home/handy/pinf/app_end/domain/growthCurve/config.ts": {"path":"/home/handy/pinf/app_end/domain/growthCurve/config.ts","statementMap":{"0":{"start":{"line":4,"column":96},"end":{"line":7,"column":null}},"1":{"start":{"line":9,"column":61},"end":{"line":12,"column":null}},"2":{"start":{"line":14,"column":63},"end":{"line":17,"column":null}},"3":{"start":{"line":19,"column":53},"end":{"line":22,"column":null}},"4":{"start":{"line":24,"column":61},"end":{"line":28,"column":null}}},"fnMap":{},"branchMap":{},"s":{"0":3,"1":3,"2":3,"3":3,"4":3},"f":{},"b":{},"meta":{"lastBranch":0,"lastFunction":0,"lastStatement":5,"seen":{"s:4:96:7:Infinity":0,"s:9:61:12:Infinity":1,"s:14:63:17:Infinity":2,"s:19:53:22:Infinity":3,"s:24:61:28:Infinity":4}}}
,"/home/handy/pinf/app_end/domain/growthCurve/engine.ts": {"path":"/home/handy/pinf/app_end/domain/growthCurve/engine.ts","statementMap":{"0":{"start":{"line":13,"column":2},"end":{"line":13,"column":null}},"1":{"start":{"line":17,"column":17},"end":{"line":17,"column":null}},"2":{"start":{"line":18,"column":2},"end":{"line":27,"column":null}},"3":{"start":{"line":19,"column":4},"end":{"line":26,"column":null}},"4":{"start":{"line":19,"column":74},"end":{"line":26,"column":6}},"5":{"start":{"line":29,"column":22},"end":{"line":29,"column":null}},"6":{"start":{"line":30,"column":2},"end":{"line":38,"column":null}},"7":{"start":{"line":30,"column":75},"end":{"line":38,"column":4}},"8":{"start":{"line":42,"column":17},"end":{"line":58,"column":null}},"9":{"start":{"line":43,"column":19},"end":{"line":43,"column":44}},"10":{"start":{"line":45,"column":12},"end":{"line":45,"column":null}},"11":{"start":{"line":46,"column":20},"end":{"line":46,"column":null}},"12":{"start":{"line":48,"column":8},"end":{"line":52,"column":null}},"13":{"start":{"line":53,"column":6},"end":{"line":53,"column":null}},"14":{"start":{"line":55,"column":19},"end":{"line":55,"column":43}},"15":{"start":{"line":56,"column":19},"end":{"line":56,"column":43}},"16":{"start":{"line":57,"column":17},"end":{"line":57,"column":42}},"17":{"start":{"line":58,"column":20},"end":{"line":58,"column":87}},"18":{"start":{"line":60,"column":2},"end":{"line":63,"column":null}},"19":{"start":{"line":61,"column":19},"end":{"line":61,"column":null}},"20":{"start":{"line":62,"column":4},"end":{"line":62,"column":null}},"21":{"start":{"line":62,"column":32},"end":{"line":62,"column":70}},"22":{"start":{"line":64,"column":2},"end":{"line":64,"column":null}},"23":{"start":{"line":68,"column":8},"end":{"line":68,"column":null}},"24":{"start":{"line":69,"column":29},"end":{"line":69,"column":null}},"25":{"start":{"line":70,"column":32},"end":{"line":70,"column":null}},"26":{"start":{"line":70,"column":60},"end":{"line":70,"column":85}},"27":{"start":{"line":72,"column":28},"end":{"line":72,"column":null}},"28":{"start":{"line":73,"column":24},"end":{"line":73,"column":null}},"29":{"start":{"line":75,"column":8},"end":{"line":75,"column":null}},"30":{"start":{"line":76,"column":8},"end":{"line":76,"column":null}},"31":{"start":{"line":77,"column":21},"end":{"line":77,"column":null}},"32":{"start":{"line":77,"column":49},"end":{"line":77,"column":87}},"33":{"start":{"line":79,"column":8},"end":{"line":79,"column":null}},"34":{"start":{"line":80,"column":8},"end":{"line":80,"column":null}},"35":{"start":{"line":82,"column":2},"end":{"line":101,"column":null}}},"fnMap":{"0":{"name":"toGender","decl":{"start":{"line":12,"column":9},"end":{"line":12,"column":18}},"loc":{"start":{"line":12,"column":50},"end":{"line":14,"column":null}},"line":12},"1":{"name":"buildStandardPoints","decl":{"start":{"line":16,"column":9},"end":{"line":16,"column":29}},"loc":{"start":{"line":16,"column":125},"end":{"line":39,"column":null}},"line":16},"2":{"name":"(anonymous_2)","decl":{"start":{"line":19,"column":66},"end":{"line":19,"column":67}},"loc":{"start":{"line":19,"column":74},"end":{"line":26,"column":6}},"line":19},"3":{"name":"(anonymous_3)","decl":{"start":{"line":30,"column":67},"end":{"line":30,"column":68}},"loc":{"start":{"line":30,"column":75},"end":{"line":38,"column":4}},"line":30},"4":{"name":"buildUserPoints","decl":{"start":{"line":41,"column":9},"end":{"line":41,"column":25}},"loc":{"start":{"line":41,"column":144},"end":{"line":65,"column":null}},"line":41},"5":{"name":"(anonymous_5)","decl":{"start":{"line":43,"column":12},"end":{"line":43,"column":13}},"loc":{"start":{"line":43,"column":19},"end":{"line":43,"column":44}},"line":43},"6":{"name":"(anonymous_6)","decl":{"start":{"line":44,"column":9},"end":{"line":44,"column":10}},"loc":{"start":{"line":44,"column":21},"end":{"line":54,"column":5}},"line":44},"7":{"name":"(anonymous_7)","decl":{"start":{"line":55,"column":12},"end":{"line":55,"column":13}},"loc":{"start":{"line":55,"column":19},"end":{"line":55,"column":43}},"line":55},"8":{"name":"(anonymous_8)","decl":{"start":{"line":56,"column":12},"end":{"line":56,"column":13}},"loc":{"start":{"line":56,"column":19},"end":{"line":56,"column":43}},"line":56},"9":{"name":"(anonymous_9)","decl":{"start":{"line":57,"column":9},"end":{"line":57,"column":10}},"loc":{"start":{"line":57,"column":17},"end":{"line":57,"column":42}},"line":57},"10":{"name":"(anonymous_10)","decl":{"start":{"line":58,"column":10},"end":{"line":58,"column":11}},"loc":{"start":{"line":58,"column":20},"end":{"line":58,"column":87}},"line":58},"11":{"name":"(anonymous_11)","decl":{"start":{"line":62,"column":25},"end":{"line":62,"column":26}},"loc":{"start":{"line":62,"column":32},"end":{"line":62,"column":70}},"line":62},"12":{"name":"buildGrowthCurveModel","decl":{"start":{"line":67,"column":16},"end":{"line":67,"column":38}},"loc":{"start":{"line":67,"column":81},"end":{"line":102,"column":null}},"line":67},"13":{"name":"(anonymous_13)","decl":{"start":{"line":70,"column":53},"end":{"line":70,"column":54}},"loc":{"start":{"line":70,"column":60},"end":{"line":70,"column":85}},"line":70},"14":{"name":"(anonymous_14)","decl":{"start":{"line":77,"column":42},"end":{"line":77,"column":43}},"loc":{"start":{"line":77,"column":49},"end":{"line":77,"column":87}},"line":77}},"branchMap":{"0":{"loc":{"start":{"line":13,"column":9},"end":{"line":13,"column":null}},"type":"cond-expr","locations":[{"start":{"line":13,"column":30},"end":{"line":13,"column":41}},{"start":{"line":13,"column":41},"end":{"line":13,"column":null}}],"line":13},"1":{"loc":{"start":{"line":18,"column":2},"end":{"line":27,"column":null}},"type":"if","locations":[{"start":{"line":18,"column":2},"end":{"line":27,"column":null}},{"start":{},"end":{}}],"line":18},"2":{"loc":{"start":{"line":29,"column":22},"end":{"line":29,"column":null}},"type":"cond-expr","locations":[{"start":{"line":29,"column":50},"end":{"line":29,"column":57}},{"start":{"line":29,"column":57},"end":{"line":29,"column":null}}],"line":29},"3":{"loc":{"start":{"line":31,"column":7},"end":{"line":31,"column":null}},"type":"cond-expr","locations":[{"start":{"line":31,"column":25},"end":{"line":31,"column":39}},{"start":{"line":31,"column":39},"end":{"line":31,"column":null}}],"line":31},"4":{"loc":{"start":{"line":48,"column":8},"end":{"line":52,"column":null}},"type":"cond-expr","locations":[{"start":{"line":49,"column":12},"end":{"line":49,"column":null}},{"start":{"line":50,"column":12},"end":{"line":52,"column":null}}],"line":48},"5":{"loc":{"start":{"line":50,"column":12},"end":{"line":52,"column":null}},"type":"cond-expr","locations":[{"start":{"line":51,"column":14},"end":{"line":51,"column":null}},{"start":{"line":52,"column":14},"end":{"line":52,"column":null}}],"line":50},"6":{"loc":{"start":{"line":56,"column":19},"end":{"line":56,"column":43}},"type":"binary-expr","locations":[{"start":{"line":56,"column":19},"end":{"line":56,"column":35}},{"start":{"line":56,"column":35},"end":{"line":56,"column":43}}],"line":56},"7":{"loc":{"start":{"line":60,"column":2},"end":{"line":63,"column":null}},"type":"if","locations":[{"start":{"line":60,"column":2},"end":{"line":63,"column":null}},{"start":{},"end":{}}],"line":60},"8":{"loc":{"start":{"line":62,"column":32},"end":{"line":62,"column":70}},"type":"binary-expr","locations":[{"start":{"line":62,"column":32},"end":{"line":62,"column":53}},{"start":{"line":62,"column":53},"end":{"line":62,"column":70}}],"line":62},"9":{"loc":{"start":{"line":69,"column":29},"end":{"line":69,"column":null}},"type":"cond-expr","locations":[{"start":{"line":69,"column":62},"end":{"line":69,"column":71}},{"start":{"line":69,"column":71},"end":{"line":69,"column":null}}],"line":69},"10":{"loc":{"start":{"line":77,"column":49},"end":{"line":77,"column":87}},"type":"binary-expr","locations":[{"start":{"line":77,"column":49},"end":{"line":77,"column":70}},{"start":{"line":77,"column":70},"end":{"line":77,"column":87}}],"line":77}},"s":{"0":8,"1":8,"2":8,"3":7,"4":147,"5":1,"6":8,"7":28,"8":8,"9":4,"10":4,"11":4,"12":4,"13":4,"14":4,"15":4,"16":4,"17":2,"18":8,"19":1,"20":1,"21":1,"22":7,"23":8,"24":8,"25":8,"26":4,"27":8,"28":8,"29":8,"30":8,"31":8,"32":4,"33":8,"34":8,"35":8},"f":{"0":8,"1":8,"2":147,"3":28,"4":8,"5":4,"6":4,"7":4,"8":4,"9":4,"10":2,"11":1,"12":8,"13":4,"14":4},"b":{"0":[0,8],"1":[7,1],"2":[1,0],"3":[28,0],"4":[1,3],"5":[0,3],"6":[4,4],"7":[1,7],"8":[1,1],"9":[1,7],"10":[4,4]},"meta":{"lastBranch":11,"lastFunction":15,"lastStatement":36,"seen":{"f:12:9:12:18":0,"s:13:2:13:Infinity":0,"b:13:30:13:41:13:41:13:Infinity":0,"f:16:9:16:29":1,"s:17:17:17:Infinity":1,"b:18:2:27:Infinity:undefined:undefined:undefined:undefined":1,"s:18:2:27:Infinity":2,"s:19:4:26:Infinity":3,"f:19:66:19:67":2,"s:19:74:26:6":4,"s:29:22:29:Infinity":5,"b:29:50:29:57:29:57:29:Infinity":2,"s:30:2:38:Infinity":6,"f:30:67:30:68":3,"s:30:75:38:4":7,"b:31:25:31:39:31:39:31:Infinity":3,"f:41:9:41:25":4,"s:42:17:58:Infinity":8,"f:43:12:43:13":5,"s:43:19:43:44":9,"f:44:9:44:10":6,"s:45:12:45:Infinity":10,"s:46:20:46:Infinity":11,"s:48:8:52:Infinity":12,"b:49:12:49:Infinity:50:12:52:Infinity":4,"b:51:14:51:Infinity:52:14:52:Infinity":5,"s:53:6:53:Infinity":13,"f:55:12:55:13":7,"s:55:19:55:43":14,"f:56:12:56:13":8,"s:56:19:56:43":15,"b:56:19:56:35:56:35:56:43":6,"f:57:9:57:10":9,"s:57:17:57:42":16,"f:58:10:58:11":10,"s:58:20:58:87":17,"b:60:2:63:Infinity:undefined:undefined:undefined:undefined":7,"s:60:2:63:Infinity":18,"s:61:19:61:Infinity":19,"s:62:4:62:Infinity":20,"f:62:25:62:26":11,"s:62:32:62:70":21,"b:62:32:62:53:62:53:62:70":8,"s:64:2:64:Infinity":22,"f:67:16:67:38":12,"s:68:8:68:Infinity":23,"s:69:29:69:Infinity":24,"b:69:62:69:71:69:71:69:Infinity":9,"s:70:32:70:Infinity":25,"f:70:53:70:54":13,"s:70:60:70:85":26,"s:72:28:72:Infinity":27,"s:73:24:73:Infinity":28,"s:75:8:75:Infinity":29,"s:76:8:76:Infinity":30,"s:77:21:77:Infinity":31,"f:77:42:77:43":14,"s:77:49:77:87":32,"b:77:49:77:70:77:70:77:87":10,"s:79:8:79:Infinity":33,"s:80:8:80:Infinity":34,"s:82:2:101:Infinity":35}}}
,"/home/handy/pinf/app_end/domain/growthCurve/index.ts": {"path":"/home/handy/pinf/app_end/domain/growthCurve/index.ts","statementMap":{},"fnMap":{},"branchMap":{},"s":{},"f":{},"b":{},"meta":{"lastBranch":0,"lastFunction":0,"lastStatement":0,"seen":{}}}
,"/home/handy/pinf/app_end/domain/growthCurve/standardResolver.ts": {"path":"/home/handy/pinf/app_end/domain/growthCurve/standardResolver.ts","statementMap":{"0":{"start":{"line":4,"column":19},"end":{"line":4,"column":null}},"1":{"start":{"line":5,"column":22},"end":{"line":5,"column":null}},"2":{"start":{"line":20,"column":24},"end":{"line":20,"column":null}},"3":{"start":{"line":20,"column":49},"end":{"line":20,"column":68}},"4":{"start":{"line":21,"column":19},"end":{"line":21,"column":null}},"5":{"start":{"line":22,"column":14},"end":{"line":22,"column":null}},"6":{"start":{"line":24,"column":20},"end":{"line":24,"column":null}},"7":{"start":{"line":25,"column":17},"end":{"line":25,"column":null}},"8":{"start":{"line":26,"column":17},"end":{"line":26,"column":null}},"9":{"start":{"line":27,"column":19},"end":{"line":27,"column":null}},"10":{"start":{"line":28,"column":19},"end":{"line":28,"column":null}},"11":{"start":{"line":30,"column":2},"end":{"line":51,"column":null}},"12":{"start":{"line":31,"column":23},"end":{"line":31,"column":null}},"13":{"start":{"line":32,"column":4},"end":{"line":35,"column":null}},"14":{"start":{"line":33,"column":6},"end":{"line":33,"column":null}},"15":{"start":{"line":34,"column":6},"end":{"line":34,"column":null}},"16":{"start":{"line":37,"column":18},"end":{"line":37,"column":null}},"17":{"start":{"line":38,"column":4},"end":{"line":41,"column":null}},"18":{"start":{"line":39,"column":6},"end":{"line":39,"column":null}},"19":{"start":{"line":40,"column":6},"end":{"line":40,"column":null}},"20":{"start":{"line":43,"column":10},"end":{"line":43,"column":null}},"21":{"start":{"line":44,"column":4},"end":{"line":50,"column":null}},"22":{"start":{"line":45,"column":6},"end":{"line":45,"column":null}},"23":{"start":{"line":46,"column":4},"end":{"line":50,"column":null}},"24":{"start":{"line":47,"column":6},"end":{"line":47,"column":null}},"25":{"start":{"line":49,"column":6},"end":{"line":49,"column":null}},"26":{"start":{"line":53,"column":2},"end":{"line":60,"column":null}},"27":{"start":{"line":64,"column":66},"end":{"line":64,"column":null}},"28":{"start":{"line":65,"column":8},"end":{"line":65,"column":null}},"29":{"start":{"line":67,"column":2},"end":{"line":74,"column":null}},"30":{"start":{"line":68,"column":4},"end":{"line":73,"column":null}},"31":{"start":{"line":76,"column":21},"end":{"line":76,"column":null}},"32":{"start":{"line":77,"column":31},"end":{"line":77,"column":null}},"33":{"start":{"line":78,"column":38},"end":{"line":78,"column":null}},"34":{"start":{"line":79,"column":19},"end":{"line":79,"column":null}},"35":{"start":{"line":80,"column":35},"end":{"line":80,"column":null}},"36":{"start":{"line":82,"column":2},"end":{"line":91,"column":null}}},"fnMap":{"0":{"name":"buildDiagnosticInfo","decl":{"start":{"line":15,"column":9},"end":{"line":15,"column":null}},"loc":{"start":{"line":19,"column":18},"end":{"line":61,"column":null}},"line":19},"1":{"name":"(anonymous_1)","decl":{"start":{"line":20,"column":42},"end":{"line":20,"column":43}},"loc":{"start":{"line":20,"column":49},"end":{"line":20,"column":68}},"line":20},"2":{"name":"resolveStandard","decl":{"start":{"line":63,"column":16},"end":{"line":63,"column":32}},"loc":{"start":{"line":63,"column":75},"end":{"line":92,"column":null}},"line":63}},"branchMap":{"0":{"loc":{"start":{"line":32,"column":4},"end":{"line":35,"column":null}},"type":"if","locations":[{"start":{"line":32,"column":4},"end":{"line":35,"column":null}},{"start":{},"end":{}}],"line":32},"1":{"loc":{"start":{"line":32,"column":8},"end":{"line":32,"column":51}},"type":"binary-expr","locations":[{"start":{"line":32,"column":8},"end":{"line":32,"column":33}},{"start":{"line":32,"column":33},"end":{"line":32,"column":51}}],"line":32},"2":{"loc":{"start":{"line":38,"column":4},"end":{"line":41,"column":null}},"type":"if","locations":[{"start":{"line":38,"column":4},"end":{"line":41,"column":null}},{"start":{},"end":{}}],"line":38},"3":{"loc":{"start":{"line":44,"column":4},"end":{"line":50,"column":null}},"type":"if","locations":[{"start":{"line":44,"column":4},"end":{"line":50,"column":null}},{"start":{"line":46,"column":4},"end":{"line":50,"column":null}}],"line":44},"4":{"loc":{"start":{"line":46,"column":4},"end":{"line":50,"column":null}},"type":"if","locations":[{"start":{"line":46,"column":4},"end":{"line":50,"column":null}},{"start":{"line":48,"column":11},"end":{"line":50,"column":null}}],"line":46},"5":{"loc":{"start":{"line":46,"column":15},"end":{"line":46,"column":59}},"type":"binary-expr","locations":[{"start":{"line":46,"column":15},"end":{"line":46,"column":38}},{"start":{"line":46,"column":38},"end":{"line":46,"column":59}}],"line":46},"6":{"loc":{"start":{"line":67,"column":2},"end":{"line":74,"column":null}},"type":"if","locations":[{"start":{"line":67,"column":2},"end":{"line":74,"column":null}},{"start":{},"end":{}}],"line":67},"7":{"loc":{"start":{"line":69,"column":16},"end":{"line":69,"column":null}},"type":"cond-expr","locations":[{"start":{"line":69,"column":62},"end":{"line":69,"column":79}},{"start":{"line":69,"column":79},"end":{"line":69,"column":null}}],"line":69},"8":{"loc":{"start":{"line":69,"column":16},"end":{"line":69,"column":62}},"type":"binary-expr","locations":[{"start":{"line":69,"column":16},"end":{"line":69,"column":45}},{"start":{"line":69,"column":45},"end":{"line":69,"column":62}}],"line":69},"9":{"loc":{"start":{"line":72,"column":19},"end":{"line":72,"column":null}},"type":"cond-expr","locations":[{"start":{"line":72,"column":65},"end":{"line":72,"column":81}},{"start":{"line":72,"column":81},"end":{"line":72,"column":null}}],"line":72},"10":{"loc":{"start":{"line":72,"column":19},"end":{"line":72,"column":65}},"type":"binary-expr","locations":[{"start":{"line":72,"column":19},"end":{"line":72,"column":48}},{"start":{"line":72,"column":48},"end":{"line":72,"column":65}}],"line":72},"11":{"loc":{"start":{"line":78,"column":38},"end":{"line":78,"column":null}},"type":"cond-expr","locations":[{"start":{"line":78,"column":61},"end":{"line":78,"column":72}},{"start":{"line":78,"column":72},"end":{"line":78,"column":null}}],"line":78},"12":{"loc":{"start":{"line":79,"column":19},"end":{"line":79,"column":null}},"type":"cond-expr","locations":[{"start":{"line":79,"column":65},"end":{"line":79,"column":82}},{"start":{"line":79,"column":82},"end":{"line":79,"column":null}}],"line":79},"13":{"loc":{"start":{"line":79,"column":19},"end":{"line":79,"column":65}},"type":"binary-expr","locations":[{"start":{"line":79,"column":19},"end":{"line":79,"column":48}},{"start":{"line":79,"column":48},"end":{"line":79,"column":65}}],"line":79},"14":{"loc":{"start":{"line":80,"column":35},"end":{"line":80,"column":null}},"type":"cond-expr","locations":[{"start":{"line":80,"column":59},"end":{"line":80,"column":73}},{"start":{"line":80,"column":73},"end":{"line":80,"column":null}}],"line":80},"15":{"loc":{"start":{"line":87,"column":6},"end":{"line":89,"column":null}},"type":"cond-expr","locations":[{"start":{"line":88,"column":10},"end":{"line":88,"column":null}},{"start":{"line":89,"column":10},"end":{"line":89,"column":null}}],"line":87},"16":{"loc":{"start":{"line":88,"column":20},"end":{"line":88,"column":65}},"type":"cond-expr","locations":[{"start":{"line":88,"column":54},"end":{"line":88,"column":61}},{"start":{"line":88,"column":61},"end":{"line":88,"column":65}}],"line":88},"17":{"loc":{"start":{"line":88,"column":68},"end":{"line":88,"column":116}},"type":"cond-expr","locations":[{"start":{"line":88,"column":102},"end":{"line":88,"column":112}},{"start":{"line":88,"column":112},"end":{"line":88,"column":116}}],"line":88},"18":{"loc":{"start":{"line":89,"column":33},"end":{"line":89,"column":82}},"type":"cond-expr","locations":[{"start":{"line":89,"column":67},"end":{"line":89,"column":76}},{"start":{"line":89,"column":76},"end":{"line":89,"column":82}}],"line":89}},"s":{"0":2,"1":2,"2":7,"3":5,"4":7,"5":7,"6":7,"7":7,"8":7,"9":7,"10":7,"11":7,"12":5,"13":5,"14":1,"15":1,"16":4,"17":4,"18":1,"19":1,"20":3,"21":3,"22":0,"23":3,"24":2,"25":1,"26":7,"27":17,"28":17,"29":17,"30":10,"31":7,"32":7,"33":7,"34":17,"35":17,"36":17},"f":{"0":7,"1":5,"2":17},"b":{"0":[1,4],"1":[5,5],"2":[1,3],"3":[0,3],"4":[2,1],"5":[3,3],"6":[10,7],"7":[0,10],"8":[10,0],"9":[0,10],"10":[10,0],"11":[2,5],"12":[1,6],"13":[17,1],"14":[2,5],"15":[1,6],"16":[0,1],"17":[0,1],"18":[2,4]},"meta":{"lastBranch":19,"lastFunction":3,"lastStatement":37,"seen":{"s:4:19:4:Infinity":0,"s:5:22:5:Infinity":1,"f:15:9:15:Infinity":0,"s:20:24:20:Infinity":2,"f:20:42:20:43":1,"s:20:49:20:68":3,"s:21:19:21:Infinity":4,"s:22:14:22:Infinity":5,"s:24:20:24:Infinity":6,"s:25:17:25:Infinity":7,"s:26:17:26:Infinity":8,"s:27:19:27:Infinity":9,"s:28:19:28:Infinity":10,"s:30:2:51:Infinity":11,"s:31:23:31:Infinity":12,"b:32:4:35:Infinity:undefined:undefined:undefined:undefined":0,"s:32:4:35:Infinity":13,"b:32:8:32:33:32:33:32:51":1,"s:33:6:33:Infinity":14,"s:34:6:34:Infinity":15,"s:37:18:37:Infinity":16,"b:38:4:41:Infinity:undefined:undefined:undefined:undefined":2,"s:38:4:41:Infinity":17,"s:39:6:39:Infinity":18,"s:40:6:40:Infinity":19,"s:43:10:43:Infinity":20,"b:44:4:50:Infinity:46:4:50:Infinity":3,"s:44:4:50:Infinity":21,"s:45:6:45:Infinity":22,"b:46:4:50:Infinity:48:11:50:Infinity":4,"s:46:4:50:Infinity":23,"b:46:15:46:38:46:38:46:59":5,"s:47:6:47:Infinity":24,"s:49:6:49:Infinity":25,"s:53:2:60:Infinity":26,"f:63:16:63:32":2,"s:64:66:64:Infinity":27,"s:65:8:65:Infinity":28,"b:67:2:74:Infinity:undefined:undefined:undefined:undefined":6,"s:67:2:74:Infinity":29,"s:68:4:73:Infinity":30,"b:69:62:69:79:69:79:69:Infinity":7,"b:69:16:69:45:69:45:69:62":8,"b:72:65:72:81:72:81:72:Infinity":9,"b:72:19:72:48:72:48:72:65":10,"s:76:21:76:Infinity":31,"s:77:31:77:Infinity":32,"s:78:38:78:Infinity":33,"b:78:61:78:72:78:72:78:Infinity":11,"s:79:19:79:Infinity":34,"b:79:65:79:82:79:82:79:Infinity":12,"b:79:19:79:48:79:48:79:65":13,"s:80:35:80:Infinity":35,"b:80:59:80:73:80:73:80:Infinity":14,"s:82:2:91:Infinity":36,"b:88:10:88:Infinity:89:10:89:Infinity":15,"b:88:54:88:61:88:61:88:65":16,"b:88:102:88:112:88:112:88:116":17,"b:89:67:89:76:89:76:89:82":18}}}
,"/home/handy/pinf/app_end/domain/growthCurve/types.ts": {"path":"/home/handy/pinf/app_end/domain/growthCurve/types.ts","statementMap":{},"fnMap":{},"branchMap":{},"s":{},"f":{},"b":{},"meta":{"lastBranch":0,"lastFunction":0,"lastStatement":0,"seen":{}}}
,"/home/handy/pinf/app_end/services/api/appointment.ts": {"path":"/home/handy/pinf/app_end/services/api/appointment.ts","statementMap":{"0":{"start":{"line":18,"column":32},"end":{"line":21,"column":null}},"1":{"start":{"line":19,"column":14},"end":{"line":19,"column":null}},"2":{"start":{"line":20,"column":2},"end":{"line":20,"column":null}},"3":{"start":{"line":23,"column":33},"end":{"line":28,"column":null}},"4":{"start":{"line":26,"column":14},"end":{"line":26,"column":null}},"5":{"start":{"line":27,"column":2},"end":{"line":27,"column":null}},"6":{"start":{"line":30,"column":37},"end":{"line":33,"column":null}},"7":{"start":{"line":31,"column":14},"end":{"line":31,"column":null}},"8":{"start":{"line":32,"column":2},"end":{"line":32,"column":null}},"9":{"start":{"line":35,"column":33},"end":{"line":41,"column":null}},"10":{"start":{"line":39,"column":14},"end":{"line":39,"column":null}},"11":{"start":{"line":40,"column":2},"end":{"line":40,"column":null}},"12":{"start":{"line":43,"column":33},"end":{"line":45,"column":null}},"13":{"start":{"line":44,"column":2},"end":{"line":44,"column":null}}},"fnMap":{"0":{"name":"(anonymous_0)","decl":{"start":{"line":18,"column":32},"end":{"line":18,"column":68}},"loc":{"start":{"line":18,"column":68},"end":{"line":21,"column":null}},"line":18},"1":{"name":"(anonymous_1)","decl":{"start":{"line":23,"column":33},"end":{"line":23,"column":null}},"loc":{"start":{"line":25,"column":27},"end":{"line":28,"column":null}},"line":25},"2":{"name":"(anonymous_2)","decl":{"start":{"line":30,"column":37},"end":{"line":30,"column":44}},"loc":{"start":{"line":30,"column":92},"end":{"line":33,"column":null}},"line":30},"3":{"name":"(anonymous_3)","decl":{"start":{"line":35,"column":33},"end":{"line":35,"column":null}},"loc":{"start":{"line":38,"column":27},"end":{"line":41,"column":null}},"line":38},"4":{"name":"(anonymous_4)","decl":{"start":{"line":43,"column":33},"end":{"line":43,"column":40}},"loc":{"start":{"line":43,"column":70},"end":{"line":45,"column":null}},"line":43}},"branchMap":{"0":{"loc":{"start":{"line":30,"column":44},"end":{"line":30,"column":92}},"type":"default-arg","locations":[{"start":{"line":30,"column":57},"end":{"line":30,"column":92}}],"line":30}},"s":{"0":0,"1":0,"2":0,"3":0,"4":0,"5":0,"6":0,"7":0,"8":0,"9":0,"10":0,"11":0,"12":0,"13":0},"f":{"0":0,"1":0,"2":0,"3":0,"4":0},"b":{"0":[0]},"meta":{"lastBranch":1,"lastFunction":5,"lastStatement":14,"seen":{"s:18:32:21:Infinity":0,"f:18:32:18:68":0,"s:19:14:19:Infinity":1,"s:20:2:20:Infinity":2,"s:23:33:28:Infinity":3,"f:23:33:23:Infinity":1,"s:26:14:26:Infinity":4,"s:27:2:27:Infinity":5,"s:30:37:33:Infinity":6,"f:30:37:30:44":2,"b:30:57:30:92":0,"s:31:14:31:Infinity":7,"s:32:2:32:Infinity":8,"s:35:33:41:Infinity":9,"f:35:33:35:Infinity":3,"s:39:14:39:Infinity":10,"s:40:2:40:Infinity":11,"s:43:33:45:Infinity":12,"f:43:33:43:40":4,"s:44:2:44:Infinity":13}}}
,"/home/handy/pinf/app_end/services/api/auth.ts": {"path":"/home/handy/pinf/app_end/services/api/auth.ts","statementMap":{"0":{"start":{"line":39,"column":29},"end":{"line":42,"column":null}},"1":{"start":{"line":40,"column":19},"end":{"line":40,"column":null}},"2":{"start":{"line":41,"column":2},"end":{"line":41,"column":null}},"3":{"start":{"line":47,"column":26},"end":{"line":50,"column":null}},"4":{"start":{"line":48,"column":19},"end":{"line":48,"column":null}},"5":{"start":{"line":49,"column":2},"end":{"line":49,"column":null}},"6":{"start":{"line":55,"column":29},"end":{"line":58,"column":null}},"7":{"start":{"line":56,"column":19},"end":{"line":56,"column":null}},"8":{"start":{"line":57,"column":2},"end":{"line":57,"column":null}},"9":{"start":{"line":63,"column":29},"end":{"line":69,"column":null}},"10":{"start":{"line":64,"column":19},"end":{"line":67,"column":null}},"11":{"start":{"line":68,"column":2},"end":{"line":68,"column":null}},"12":{"start":{"line":74,"column":29},"end":{"line":80,"column":null}},"13":{"start":{"line":75,"column":19},"end":{"line":78,"column":null}},"14":{"start":{"line":79,"column":2},"end":{"line":79,"column":null}},"15":{"start":{"line":85,"column":27},"end":{"line":88,"column":null}},"16":{"start":{"line":86,"column":19},"end":{"line":86,"column":null}},"17":{"start":{"line":87,"column":2},"end":{"line":87,"column":null}}},"fnMap":{"0":{"name":"(anonymous_0)","decl":{"start":{"line":39,"column":29},"end":{"line":39,"column":36}},"loc":{"start":{"line":39,"column":54},"end":{"line":42,"column":null}},"line":39},"1":{"name":"(anonymous_1)","decl":{"start":{"line":47,"column":26},"end":{"line":47,"column":33}},"loc":{"start":{"line":47,"column":65},"end":{"line":50,"column":null}},"line":47},"2":{"name":"(anonymous_2)","decl":{"start":{"line":55,"column":29},"end":{"line":55,"column":36}},"loc":{"start":{"line":55,"column":72},"end":{"line":58,"column":null}},"line":55},"3":{"name":"(anonymous_3)","decl":{"start":{"line":63,"column":29},"end":{"line":63,"column":36}},"loc":{"start":{"line":63,"column":57},"end":{"line":69,"column":null}},"line":63},"4":{"name":"(anonymous_4)","decl":{"start":{"line":74,"column":29},"end":{"line":74,"column":36}},"loc":{"start":{"line":74,"column":53},"end":{"line":80,"column":null}},"line":74},"5":{"name":"(anonymous_5)","decl":{"start":{"line":85,"column":27},"end":{"line":85,"column":34}},"loc":{"start":{"line":85,"column":51},"end":{"line":88,"column":null}},"line":85}},"branchMap":{},"s":{"0":0,"1":0,"2":0,"3":0,"4":0,"5":0,"6":0,"7":0,"8":0,"9":0,"10":0,"11":0,"12":0,"13":0,"14":0,"15":0,"16":0,"17":0},"f":{"0":0,"1":0,"2":0,"3":0,"4":0,"5":0},"b":{},"meta":{"lastBranch":0,"lastFunction":6,"lastStatement":18,"seen":{"s:39:29:42:Infinity":0,"f:39:29:39:36":0,"s:40:19:40:Infinity":1,"s:41:2:41:Infinity":2,"s:47:26:50:Infinity":3,"f:47:26:47:33":1,"s:48:19:48:Infinity":4,"s:49:2:49:Infinity":5,"s:55:29:58:Infinity":6,"f:55:29:55:36":2,"s:56:19:56:Infinity":7,"s:57:2:57:Infinity":8,"s:63:29:69:Infinity":9,"f:63:29:63:36":3,"s:64:19:67:Infinity":10,"s:68:2:68:Infinity":11,"s:74:29:80:Infinity":12,"f:74:29:74:36":4,"s:75:19:78:Infinity":13,"s:79:2:79:Infinity":14,"s:85:27:88:Infinity":15,"f:85:27:85:34":5,"s:86:19:86:Infinity":16,"s:87:2:87:Infinity":17}}}
,"/home/handy/pinf/app_end/services/api/baby.ts": {"path":"/home/handy/pinf/app_end/services/api/baby.ts","statementMap":{"0":{"start":{"line":17,"column":25},"end":{"line":20,"column":null}},"1":{"start":{"line":18,"column":19},"end":{"line":18,"column":null}},"2":{"start":{"line":19,"column":2},"end":{"line":19,"column":null}},"3":{"start":{"line":25,"column":27},"end":{"line":28,"column":null}},"4":{"start":{"line":26,"column":19},"end":{"line":26,"column":null}},"5":{"start":{"line":27,"column":2},"end":{"line":27,"column":null}},"6":{"start":{"line":33,"column":26},"end":{"line":36,"column":null}},"7":{"start":{"line":34,"column":19},"end":{"line":34,"column":null}},"8":{"start":{"line":35,"column":2},"end":{"line":35,"column":null}},"9":{"start":{"line":41,"column":26},"end":{"line":44,"column":null}},"10":{"start":{"line":42,"column":19},"end":{"line":42,"column":null}},"11":{"start":{"line":43,"column":2},"end":{"line":43,"column":null}},"12":{"start":{"line":49,"column":26},"end":{"line":51,"column":null}},"13":{"start":{"line":50,"column":2},"end":{"line":50,"column":null}}},"fnMap":{"0":{"name":"(anonymous_0)","decl":{"start":{"line":17,"column":25},"end":{"line":17,"column":54}},"loc":{"start":{"line":17,"column":54},"end":{"line":20,"column":null}},"line":17},"1":{"name":"(anonymous_1)","decl":{"start":{"line":25,"column":27},"end":{"line":25,"column":34}},"loc":{"start":{"line":25,"column":64},"end":{"line":28,"column":null}},"line":25},"2":{"name":"(anonymous_2)","decl":{"start":{"line":33,"column":26},"end":{"line":33,"column":33}},"loc":{"start":{"line":33,"column":74},"end":{"line":36,"column":null}},"line":33},"3":{"name":"(anonymous_3)","decl":{"start":{"line":41,"column":26},"end":{"line":41,"column":33}},"loc":{"start":{"line":41,"column":86},"end":{"line":44,"column":null}},"line":41},"4":{"name":"(anonymous_4)","decl":{"start":{"line":49,"column":26},"end":{"line":49,"column":33}},"loc":{"start":{"line":49,"column":63},"end":{"line":51,"column":null}},"line":49}},"branchMap":{},"s":{"0":0,"1":0,"2":0,"3":0,"4":0,"5":0,"6":0,"7":0,"8":0,"9":0,"10":0,"11":0,"12":0,"13":0},"f":{"0":0,"1":0,"2":0,"3":0,"4":0},"b":{},"meta":{"lastBranch":0,"lastFunction":5,"lastStatement":14,"seen":{"s:17:25:20:Infinity":0,"f:17:25:17:54":0,"s:18:19:18:Infinity":1,"s:19:2:19:Infinity":2,"s:25:27:28:Infinity":3,"f:25:27:25:34":1,"s:26:19:26:Infinity":4,"s:27:2:27:Infinity":5,"s:33:26:36:Infinity":6,"f:33:26:33:33":2,"s:34:19:34:Infinity":7,"s:35:2:35:Infinity":8,"s:41:26:44:Infinity":9,"f:41:26:41:33":3,"s:42:19:42:Infinity":10,"s:43:2:43:Infinity":11,"s:49:26:51:Infinity":12,"f:49:26:49:33":4,"s:50:2:50:Infinity":13}}}
,"/home/handy/pinf/app_end/services/api/chat.ts": {"path":"/home/handy/pinf/app_end/services/api/chat.ts","statementMap":{"0":{"start":{"line":25,"column":31},"end":{"line":28,"column":null}},"1":{"start":{"line":26,"column":14},"end":{"line":26,"column":null}},"2":{"start":{"line":27,"column":2},"end":{"line":27,"column":null}},"3":{"start":{"line":30,"column":30},"end":{"line":38,"column":null}},"4":{"start":{"line":33,"column":14},"end":{"line":33,"column":null}},"5":{"start":{"line":34,"column":2},"end":{"line":37,"column":null}},"6":{"start":{"line":40,"column":32},"end":{"line":42,"column":null}},"7":{"start":{"line":41,"column":2},"end":{"line":41,"column":null}}},"fnMap":{"0":{"name":"(anonymous_0)","decl":{"start":{"line":25,"column":31},"end":{"line":25,"column":38}},"loc":{"start":{"line":25,"column":90},"end":{"line":28,"column":null}},"line":25},"1":{"name":"(anonymous_1)","decl":{"start":{"line":30,"column":30},"end":{"line":30,"column":null}},"loc":{"start":{"line":32,"column":71},"end":{"line":38,"column":null}},"line":32},"2":{"name":"(anonymous_2)","decl":{"start":{"line":40,"column":32},"end":{"line":40,"column":39}},"loc":{"start":{"line":40,"column":101},"end":{"line":42,"column":null}},"line":40}},"branchMap":{},"s":{"0":0,"1":0,"2":0,"3":0,"4":0,"5":0,"6":0,"7":0},"f":{"0":0,"1":0,"2":0},"b":{},"meta":{"lastBranch":0,"lastFunction":3,"lastStatement":8,"seen":{"s:25:31:28:Infinity":0,"f:25:31:25:38":0,"s:26:14:26:Infinity":1,"s:27:2:27:Infinity":2,"s:30:30:38:Infinity":3,"f:30:30:30:Infinity":1,"s:33:14:33:Infinity":4,"s:34:2:37:Infinity":5,"s:40:32:42:Infinity":6,"f:40:32:40:39":2,"s:41:2:41:Infinity":7}}}
,"/home/handy/pinf/app_end/services/api/client.ts": {"path":"/home/handy/pinf/app_end/services/api/client.ts","statementMap":{"0":{"start":{"line":11,"column":29},"end":{"line":11,"column":null}},"1":{"start":{"line":13,"column":28},"end":{"line":27,"column":null}},"2":{"start":{"line":14,"column":2},"end":{"line":14,"column":null}},"3":{"start":{"line":14,"column":14},"end":{"line":14,"column":null}},"4":{"start":{"line":15,"column":18},"end":{"line":15,"column":null}},"5":{"start":{"line":16,"column":2},"end":{"line":16,"column":null}},"6":{"start":{"line":16,"column":16},"end":{"line":16,"column":null}},"7":{"start":{"line":18,"column":2},"end":{"line":26,"column":null}},"8":{"start":{"line":19,"column":19},"end":{"line":19,"column":null}},"9":{"start":{"line":20,"column":4},"end":{"line":22,"column":null}},"10":{"start":{"line":21,"column":6},"end":{"line":21,"column":null}},"11":{"start":{"line":23,"column":4},"end":{"line":23,"column":null}},"12":{"start":{"line":25,"column":4},"end":{"line":25,"column":null}},"13":{"start":{"line":30,"column":28},"end":{"line":36,"column":null}},"14":{"start":{"line":46,"column":22},"end":{"line":74,"column":null}},"15":{"start":{"line":48,"column":28},"end":{"line":50,"column":null}},"16":{"start":{"line":51,"column":2},"end":{"line":53,"column":null}},"17":{"start":{"line":52,"column":4},"end":{"line":52,"column":null}},"18":{"start":{"line":56,"column":2},"end":{"line":69,"column":null}},"19":{"start":{"line":60,"column":4},"end":{"line":67,"column":null}},"20":{"start":{"line":61,"column":6},"end":{"line":65,"column":null}},"21":{"start":{"line":66,"column":6},"end":{"line":66,"column":null}},"22":{"start":{"line":68,"column":4},"end":{"line":68,"column":null}},"23":{"start":{"line":73,"column":2},"end":{"line":73,"column":null}},"24":{"start":{"line":76,"column":21},"end":{"line":76,"column":null}},"25":{"start":{"line":77,"column":24},"end":{"line":77,"column":null}},"26":{"start":{"line":78,"column":20},"end":{"line":78,"column":null}},"27":{"start":{"line":81,"column":63},"end":{"line":81,"column":null}},"28":{"start":{"line":83,"column":38},"end":{"line":85,"column":null}},"29":{"start":{"line":84,"column":2},"end":{"line":84,"column":null}},"30":{"start":{"line":88,"column":33},"end":{"line":94,"column":null}},"31":{"start":{"line":97,"column":0},"end":{"line":112,"column":null}},"32":{"start":{"line":99,"column":4},"end":{"line":106,"column":null}},"33":{"start":{"line":100,"column":20},"end":{"line":100,"column":null}},"34":{"start":{"line":101,"column":6},"end":{"line":103,"column":null}},"35":{"start":{"line":102,"column":8},"end":{"line":102,"column":null}},"36":{"start":{"line":105,"column":6},"end":{"line":105,"column":null}},"37":{"start":{"line":107,"column":4},"end":{"line":107,"column":null}},"38":{"start":{"line":110,"column":4},"end":{"line":110,"column":null}},"39":{"start":{"line":115,"column":0},"end":{"line":170,"column":null}},"40":{"start":{"line":117,"column":4},"end":{"line":117,"column":null}},"41":{"start":{"line":120,"column":28},"end":{"line":120,"column":null}},"42":{"start":{"line":123,"column":4},"end":{"line":134,"column":null}},"43":{"start":{"line":124,"column":6},"end":{"line":124,"column":null}},"44":{"start":{"line":125,"column":6},"end":{"line":129,"column":null}},"45":{"start":{"line":126,"column":8},"end":{"line":126,"column":null}},"46":{"start":{"line":128,"column":8},"end":{"line":128,"column":null}},"47":{"start":{"line":130,"column":6},"end":{"line":132,"column":null}},"48":{"start":{"line":131,"column":8},"end":{"line":131,"column":null}},"49":{"start":{"line":133,"column":6},"end":{"line":133,"column":null}},"50":{"start":{"line":137,"column":4},"end":{"line":153,"column":null}},"51":{"start":{"line":142,"column":25},"end":{"line":142,"column":null}},"52":{"start":{"line":144,"column":6},"end":{"line":152,"column":null}},"53":{"start":{"line":145,"column":8},"end":{"line":145,"column":null}},"54":{"start":{"line":148,"column":22},"end":{"line":148,"column":null}},"55":{"start":{"line":149,"column":8},"end":{"line":149,"column":null}},"56":{"start":{"line":149,"column":37},"end":{"line":149,"column":63}},"57":{"start":{"line":151,"column":8},"end":{"line":151,"column":null}},"58":{"start":{"line":156,"column":25},"end":{"line":156,"column":null}},"59":{"start":{"line":157,"column":4},"end":{"line":166,"column":null}},"60":{"start":{"line":168,"column":4},"end":{"line":168,"column":null}},"61":{"start":{"line":176,"column":2},"end":{"line":179,"column":null}},"62":{"start":{"line":177,"column":17},"end":{"line":177,"column":null}},"63":{"start":{"line":178,"column":4},"end":{"line":178,"column":null}},"64":{"start":{"line":181,"column":2},"end":{"line":183,"column":null}},"65":{"start":{"line":182,"column":4},"end":{"line":182,"column":null}},"66":{"start":{"line":185,"column":2},"end":{"line":187,"column":null}},"67":{"start":{"line":186,"column":4},"end":{"line":186,"column":null}},"68":{"start":{"line":189,"column":2},"end":{"line":189,"column":null}},"69":{"start":{"line":195,"column":19},"end":{"line":230,"column":null}},"70":{"start":{"line":200,"column":4},"end":{"line":200,"column":null}},"71":{"start":{"line":207,"column":4},"end":{"line":207,"column":null}},"72":{"start":{"line":214,"column":4},"end":{"line":214,"column":null}},"73":{"start":{"line":221,"column":4},"end":{"line":221,"column":null}},"74":{"start":{"line":228,"column":4},"end":{"line":228,"column":null}},"75":{"start":{"line":235,"column":28},"end":{"line":264,"column":null}},"76":{"start":{"line":240,"column":4},"end":{"line":240,"column":null}},"77":{"start":{"line":247,"column":4},"end":{"line":247,"column":null}},"78":{"start":{"line":254,"column":4},"end":{"line":254,"column":null}},"79":{"start":{"line":261,"column":18},"end":{"line":261,"column":null}},"80":{"start":{"line":262,"column":4},"end":{"line":262,"column":null}}},"fnMap":{"0":{"name":"(anonymous_0)","decl":{"start":{"line":13,"column":28},"end":{"line":13,"column":29}},"loc":{"start":{"line":13,"column":70},"end":{"line":27,"column":null}},"line":13},"1":{"name":"(anonymous_1)","decl":{"start":{"line":46,"column":22},"end":{"line":46,"column":36}},"loc":{"start":{"line":46,"column":36},"end":{"line":74,"column":null}},"line":46},"2":{"name":"(anonymous_2)","decl":{"start":{"line":83,"column":38},"end":{"line":83,"column":39}},"loc":{"start":{"line":83,"column":79},"end":{"line":85,"column":null}},"line":83},"3":{"name":"(anonymous_3)","decl":{"start":{"line":98,"column":2},"end":{"line":98,"column":9}},"loc":{"start":{"line":98,"column":48},"end":{"line":108,"column":null}},"line":98},"4":{"name":"(anonymous_4)","decl":{"start":{"line":109,"column":2},"end":{"line":109,"column":3}},"loc":{"start":{"line":109,"column":25},"end":{"line":111,"column":null}},"line":109},"5":{"name":"(anonymous_5)","decl":{"start":{"line":116,"column":2},"end":{"line":116,"column":3}},"loc":{"start":{"line":116,"column":31},"end":{"line":118,"column":null}},"line":116},"6":{"name":"(anonymous_6)","decl":{"start":{"line":119,"column":2},"end":{"line":119,"column":9}},"loc":{"start":{"line":119,"column":31},"end":{"line":169,"column":null}},"line":119},"7":{"name":"(anonymous_7)","decl":{"start":{"line":149,"column":26},"end":{"line":149,"column":37}},"loc":{"start":{"line":149,"column":37},"end":{"line":149,"column":63}},"line":149},"8":{"name":"extractErrorMessage","decl":{"start":{"line":175,"column":9},"end":{"line":175,"column":29}},"loc":{"start":{"line":175,"column":56},"end":{"line":190,"column":null}},"line":175},"9":{"name":"(anonymous_9)","decl":{"start":{"line":199,"column":7},"end":{"line":199,"column":17}},"loc":{"start":{"line":199,"column":47},"end":{"line":201,"column":null}},"line":199},"10":{"name":"(anonymous_10)","decl":{"start":{"line":206,"column":8},"end":{"line":206,"column":18}},"loc":{"start":{"line":206,"column":46},"end":{"line":208,"column":null}},"line":206},"11":{"name":"(anonymous_11)","decl":{"start":{"line":213,"column":7},"end":{"line":213,"column":17}},"loc":{"start":{"line":213,"column":45},"end":{"line":215,"column":null}},"line":213},"12":{"name":"(anonymous_12)","decl":{"start":{"line":220,"column":10},"end":{"line":220,"column":20}},"loc":{"start":{"line":220,"column":50},"end":{"line":222,"column":null}},"line":220},"13":{"name":"(anonymous_13)","decl":{"start":{"line":227,"column":9},"end":{"line":227,"column":19}},"loc":{"start":{"line":227,"column":47},"end":{"line":229,"column":null}},"line":227},"14":{"name":"(anonymous_14)","decl":{"start":{"line":239,"column":8},"end":{"line":239,"column":17}},"loc":{"start":{"line":239,"column":47},"end":{"line":241,"column":null}},"line":239},"15":{"name":"(anonymous_15)","decl":{"start":{"line":246,"column":8},"end":{"line":246,"column":43}},"loc":{"start":{"line":246,"column":43},"end":{"line":248,"column":null}},"line":246},"16":{"name":"(anonymous_16)","decl":{"start":{"line":253,"column":8},"end":{"line":253,"column":36}},"loc":{"start":{"line":253,"column":36},"end":{"line":255,"column":null}},"line":253},"17":{"name":"(anonymous_17)","decl":{"start":{"line":260,"column":8},"end":{"line":260,"column":44}},"loc":{"start":{"line":260,"column":44},"end":{"line":263,"column":null}},"line":260}},"branchMap":{"0":{"loc":{"start":{"line":14,"column":2},"end":{"line":14,"column":null}},"type":"if","locations":[{"start":{"line":14,"column":2},"end":{"line":14,"column":null}},{"start":{},"end":{}}],"line":14},"1":{"loc":{"start":{"line":16,"column":2},"end":{"line":16,"column":null}},"type":"if","locations":[{"start":{"line":16,"column":2},"end":{"line":16,"column":null}},{"start":{},"end":{}}],"line":16},"2":{"loc":{"start":{"line":20,"column":4},"end":{"line":22,"column":null}},"type":"if","locations":[{"start":{"line":20,"column":4},"end":{"line":22,"column":null}},{"start":{},"end":{}}],"line":20},"3":{"loc":{"start":{"line":20,"column":8},"end":{"line":20,"column":69}},"type":"binary-expr","locations":[{"start":{"line":20,"column":8},"end":{"line":20,"column":39}},{"start":{"line":20,"column":39},"end":{"line":20,"column":69}}],"line":20},"4":{"loc":{"start":{"line":51,"column":2},"end":{"line":53,"column":null}},"type":"if","locations":[{"start":{"line":51,"column":2},"end":{"line":53,"column":null}},{"start":{},"end":{}}],"line":51},"5":{"loc":{"start":{"line":56,"column":2},"end":{"line":69,"column":null}},"type":"if","locations":[{"start":{"line":56,"column":2},"end":{"line":69,"column":null}},{"start":{},"end":{}}],"line":56},"6":{"loc":{"start":{"line":60,"column":4},"end":{"line":67,"column":null}},"type":"if","locations":[{"start":{"line":60,"column":4},"end":{"line":67,"column":null}},{"start":{},"end":{}}],"line":60},"7":{"loc":{"start":{"line":101,"column":6},"end":{"line":103,"column":null}},"type":"if","locations":[{"start":{"line":101,"column":6},"end":{"line":103,"column":null}},{"start":{},"end":{}}],"line":101},"8":{"loc":{"start":{"line":101,"column":10},"end":{"line":101,"column":35}},"type":"binary-expr","locations":[{"start":{"line":101,"column":10},"end":{"line":101,"column":19}},{"start":{"line":101,"column":19},"end":{"line":101,"column":35}}],"line":101},"9":{"loc":{"start":{"line":123,"column":4},"end":{"line":134,"column":null}},"type":"if","locations":[{"start":{"line":123,"column":4},"end":{"line":134,"column":null}},{"start":{},"end":{}}],"line":123},"10":{"loc":{"start":{"line":123,"column":8},"end":{"line":123,"column":67}},"type":"binary-expr","locations":[{"start":{"line":123,"column":8},"end":{"line":123,"column":42}},{"start":{"line":123,"column":42},"end":{"line":123,"column":67}}],"line":123},"11":{"loc":{"start":{"line":130,"column":6},"end":{"line":132,"column":null}},"type":"if","locations":[{"start":{"line":130,"column":6},"end":{"line":132,"column":null}},{"start":{},"end":{}}],"line":130},"12":{"loc":{"start":{"line":137,"column":4},"end":{"line":153,"column":null}},"type":"if","locations":[{"start":{"line":137,"column":4},"end":{"line":153,"column":null}},{"start":{},"end":{}}],"line":137},"13":{"loc":{"start":{"line":138,"column":6},"end":{"line":140,"column":null}},"type":"binary-expr","locations":[{"start":{"line":138,"column":6},"end":{"line":138,"column":null}},{"start":{"line":139,"column":6},"end":{"line":139,"column":null}},{"start":{"line":140,"column":6},"end":{"line":140,"column":null}}],"line":138},"14":{"loc":{"start":{"line":142,"column":25},"end":{"line":142,"column":null}},"type":"binary-expr","locations":[{"start":{"line":142,"column":25},"end":{"line":142,"column":56}},{"start":{"line":142,"column":56},"end":{"line":142,"column":null}}],"line":142},"15":{"loc":{"start":{"line":144,"column":6},"end":{"line":152,"column":null}},"type":"if","locations":[{"start":{"line":144,"column":6},"end":{"line":152,"column":null}},{"start":{},"end":{}}],"line":144},"16":{"loc":{"start":{"line":160,"column":11},"end":{"line":162,"column":null}},"type":"cond-expr","locations":[{"start":{"line":161,"column":10},"end":{"line":161,"column":null}},{"start":{"line":162,"column":10},"end":{"line":162,"column":null}}],"line":160},"17":{"loc":{"start":{"line":161,"column":66},"end":{"line":161,"column":91}},"type":"binary-expr","locations":[{"start":{"line":161,"column":66},"end":{"line":161,"column":89}},{"start":{"line":161,"column":89},"end":{"line":161,"column":91}}],"line":161},"18":{"loc":{"start":{"line":176,"column":2},"end":{"line":179,"column":null}},"type":"if","locations":[{"start":{"line":176,"column":2},"end":{"line":179,"column":null}},{"start":{},"end":{}}],"line":176},"19":{"loc":{"start":{"line":178,"column":11},"end":{"line":178,"column":null}},"type":"binary-expr","locations":[{"start":{"line":178,"column":11},"end":{"line":178,"column":27}},{"start":{"line":178,"column":27},"end":{"line":178,"column":41}},{"start":{"line":178,"column":41},"end":{"line":178,"column":56}},{"start":{"line":178,"column":56},"end":{"line":178,"column":null}}],"line":178},"20":{"loc":{"start":{"line":181,"column":2},"end":{"line":183,"column":null}},"type":"if","locations":[{"start":{"line":181,"column":2},"end":{"line":183,"column":null}},{"start":{},"end":{}}],"line":181},"21":{"loc":{"start":{"line":185,"column":2},"end":{"line":187,"column":null}},"type":"if","locations":[{"start":{"line":185,"column":2},"end":{"line":187,"column":null}},{"start":{},"end":{}}],"line":185},"22":{"loc":{"start":{"line":189,"column":9},"end":{"line":189,"column":null}},"type":"binary-expr","locations":[{"start":{"line":189,"column":9},"end":{"line":189,"column":26}},{"start":{"line":189,"column":26},"end":{"line":189,"column":null}}],"line":189}},"s":{"0":0,"1":0,"2":0,"3":0,"4":0,"5":0,"6":0,"7":0,"8":0,"9":0,"10":0,"11":0,"12":0,"13":0,"14":0,"15":0,"16":0,"17":0,"18":0,"19":0,"20":0,"21":0,"22":0,"23":0,"24":0,"25":0,"26":0,"27":0,"28":0,"29":0,"30":0,"31":0,"32":0,"33":0,"34":0,"35":0,"36":0,"37":0,"38":0,"39":0,"40":0,"41":0,"42":0,"43":0,"44":0,"45":0,"46":0,"47":0,"48":0,"49":0,"50":0,"51":0,"52":0,"53":0,"54":0,"55":0,"56":0,"57":0,"58":0,"59":0,"60":0,"61":0,"62":0,"63":0,"64":0,"65":0,"66":0,"67":0,"68":0,"69":0,"70":0,"71":0,"72":0,"73":0,"74":0,"75":0,"76":0,"77":0,"78":0,"79":0,"80":0},"f":{"0":0,"1":0,"2":0,"3":0,"4":0,"5":0,"6":0,"7":0,"8":0,"9":0,"10":0,"11":0,"12":0,"13":0,"14":0,"15":0,"16":0,"17":0},"b":{"0":[0,0],"1":[0,0],"2":[0,0],"3":[0,0],"4":[0,0],"5":[0,0],"6":[0,0],"7":[0,0],"8":[0,0],"9":[0,0],"10":[0,0],"11":[0,0],"12":[0,0],"13":[0,0,0],"14":[0,0],"15":[0,0],"16":[0,0],"17":[0,0],"18":[0,0],"19":[0,0,0,0],"20":[0,0],"21":[0,0],"22":[0,0]},"meta":{"lastBranch":23,"lastFunction":18,"lastStatement":81,"seen":{"s:11:29:11:Infinity":0,"s:13:28:27:Infinity":1,"f:13:28:13:29":0,"b:14:2:14:Infinity:undefined:undefined:undefined:undefined":0,"s:14:2:14:Infinity":2,"s:14:14:14:Infinity":3,"s:15:18:15:Infinity":4,"b:16:2:16:Infinity:undefined:undefined:undefined:undefined":1,"s:16:2:16:Infinity":5,"s:16:16:16:Infinity":6,"s:18:2:26:Infinity":7,"s:19:19:19:Infinity":8,"b:20:4:22:Infinity:undefined:undefined:undefined:undefined":2,"s:20:4:22:Infinity":9,"b:20:8:20:39:20:39:20:69":3,"s:21:6:21:Infinity":10,"s:23:4:23:Infinity":11,"s:25:4:25:Infinity":12,"s:30:28:36:Infinity":13,"s:46:22:74:Infinity":14,"f:46:22:46:36":1,"s:48:28:50:Infinity":15,"b:51:2:53:Infinity:undefined:undefined:undefined:undefined":4,"s:51:2:53:Infinity":16,"s:52:4:52:Infinity":17,"b:56:2:69:Infinity:undefined:undefined:undefined:undefined":5,"s:56:2:69:Infinity":18,"b:60:4:67:Infinity:undefined:undefined:undefined:undefined":6,"s:60:4:67:Infinity":19,"s:61:6:65:Infinity":20,"s:66:6:66:Infinity":21,"s:68:4:68:Infinity":22,"s:73:2:73:Infinity":23,"s:76:21:76:Infinity":24,"s:77:24:77:Infinity":25,"s:78:20:78:Infinity":26,"s:81:63:81:Infinity":27,"s:83:38:85:Infinity":28,"f:83:38:83:39":2,"s:84:2:84:Infinity":29,"s:88:33:94:Infinity":30,"s:97:0:112:Infinity":31,"f:98:2:98:9":3,"s:99:4:106:Infinity":32,"s:100:20:100:Infinity":33,"b:101:6:103:Infinity:undefined:undefined:undefined:undefined":7,"s:101:6:103:Infinity":34,"b:101:10:101:19:101:19:101:35":8,"s:102:8:102:Infinity":35,"s:105:6:105:Infinity":36,"s:107:4:107:Infinity":37,"f:109:2:109:3":4,"s:110:4:110:Infinity":38,"s:115:0:170:Infinity":39,"f:116:2:116:3":5,"s:117:4:117:Infinity":40,"f:119:2:119:9":6,"s:120:28:120:Infinity":41,"b:123:4:134:Infinity:undefined:undefined:undefined:undefined":9,"s:123:4:134:Infinity":42,"b:123:8:123:42:123:42:123:67":10,"s:124:6:124:Infinity":43,"s:125:6:129:Infinity":44,"s:126:8:126:Infinity":45,"s:128:8:128:Infinity":46,"b:130:6:132:Infinity:undefined:undefined:undefined:undefined":11,"s:130:6:132:Infinity":47,"s:131:8:131:Infinity":48,"s:133:6:133:Infinity":49,"b:137:4:153:Infinity:undefined:undefined:undefined:undefined":12,"s:137:4:153:Infinity":50,"b:138:6:138:Infinity:139:6:139:Infinity:140:6:140:Infinity":13,"s:142:25:142:Infinity":51,"b:142:25:142:56:142:56:142:Infinity":14,"b:144:6:152:Infinity:undefined:undefined:undefined:undefined":15,"s:144:6:152:Infinity":52,"s:145:8:145:Infinity":53,"s:148:22:148:Infinity":54,"s:149:8:149:Infinity":55,"f:149:26:149:37":7,"s:149:37:149:63":56,"s:151:8:151:Infinity":57,"s:156:25:156:Infinity":58,"s:157:4:166:Infinity":59,"b:161:10:161:Infinity:162:10:162:Infinity":16,"b:161:66:161:89:161:89:161:91":17,"s:168:4:168:Infinity":60,"f:175:9:175:29":8,"b:176:2:179:Infinity:undefined:undefined:undefined:undefined":18,"s:176:2:179:Infinity":61,"s:177:17:177:Infinity":62,"s:178:4:178:Infinity":63,"b:178:11:178:27:178:27:178:41:178:41:178:56:178:56:178:Infinity":19,"b:181:2:183:Infinity:undefined:undefined:undefined:undefined":20,"s:181:2:183:Infinity":64,"s:182:4:182:Infinity":65,"b:185:2:187:Infinity:undefined:undefined:undefined:undefined":21,"s:185:2:187:Infinity":66,"s:186:4:186:Infinity":67,"s:189:2:189:Infinity":68,"b:189:9:189:26:189:26:189:Infinity":22,"s:195:19:230:Infinity":69,"f:199:7:199:17":9,"s:200:4:200:Infinity":70,"f:206:8:206:18":10,"s:207:4:207:Infinity":71,"f:213:7:213:17":11,"s:214:4:214:Infinity":72,"f:220:10:220:20":12,"s:221:4:221:Infinity":73,"f:227:9:227:19":13,"s:228:4:228:Infinity":74,"s:235:28:264:Infinity":75,"f:239:8:239:17":14,"s:240:4:240:Infinity":76,"f:246:8:246:43":15,"s:247:4:247:Infinity":77,"f:253:8:253:36":16,"s:254:4:254:Infinity":78,"f:260:8:260:44":17,"s:261:18:261:Infinity":79,"s:262:4:262:Infinity":80}}}
[...]
lumn":null}},"80":{"start":{"line":188,"column":23},"end":{"line":188,"column":null}},"81":{"start":{"line":189,"column":4},"end":{"line":192,"column":null}},"82":{"start":{"line":190,"column":6},"end":{"line":190,"column":null}},"83":{"start":{"line":191,"column":6},"end":{"line":191,"column":null}},"84":{"start":{"line":194,"column":26},"end":{"line":194,"column":null}},"85":{"start":{"line":195,"column":4},"end":{"line":201,"column":null}},"86":{"start":{"line":202,"column":4},"end":{"line":202,"column":null}},"87":{"start":{"line":204,"column":4},"end":{"line":204,"column":null}},"88":{"start":{"line":205,"column":4},"end":{"line":205,"column":null}}},"fnMap":{"0":{"name":"getExpoProjectId","decl":{"start":{"line":25,"column":16},"end":{"line":25,"column":50}},"loc":{"start":{"line":25,"column":50},"end":{"line":38,"column":null}},"line":25},"1":{"name":"ensureNotificationHandler","decl":{"start":{"line":40,"column":15},"end":{"line":40,"column":43}},"loc":{"start":{"line":40,"column":43},"end":{"line":52,"column":null}},"line":40},"2":{"name":"(anonymous_2)","decl":{"start":{"line":45,"column":24},"end":{"line":45,"column":37}},"loc":{"start":{"line":45,"column":37},"end":{"line":49,"column":null}},"line":45},"3":{"name":"ensureAndroidChannel","decl":{"start":{"line":54,"column":15},"end":{"line":54,"column":38}},"loc":{"start":{"line":54,"column":38},"end":{"line":65,"column":null}},"line":54},"4":{"name":"ensureNotificationPermission","decl":{"start":{"line":67,"column":15},"end":{"line":67,"column":93}},"loc":{"start":{"line":67,"column":93},"end":{"line":76,"column":null}},"line":67},"5":{"name":"requestExpoToken","decl":{"start":{"line":78,"column":15},"end":{"line":78,"column":32}},"loc":{"start":{"line":78,"column":58},"end":{"line":103,"column":null}},"line":78},"6":{"name":"registerForPushNotificationsDetailedAsync","decl":{"start":{"line":105,"column":22},"end":{"line":105,"column":95}},"loc":{"start":{"line":105,"column":95},"end":{"line":172,"column":null}},"line":105},"7":{"name":"registerForPushNotificationsAsync","decl":{"start":{"line":174,"column":22},"end":{"line":174,"column":82}},"loc":{"start":{"line":174,"column":82},"end":{"line":180,"column":null}},"line":174},"8":{"name":"sendLocalTestNotificationAsync","decl":{"start":{"line":182,"column":22},"end":{"line":182,"column":53}},"loc":{"start":{"line":182,"column":102},"end":{"line":207,"column":null}},"line":182}},"branchMap":{"0":{"loc":{"start":{"line":27,"column":2},"end":{"line":27,"column":null}},"type":"if","locations":[{"start":{"line":27,"column":2},"end":{"line":27,"column":null}},{"start":{},"end":{}}],"line":27},"1":{"loc":{"start":{"line":37,"column":9},"end":{"line":37,"column":null}},"type":"binary-expr","locations":[{"start":{"line":37,"column":9},"end":{"line":37,"column":34}},{"start":{"line":37,"column":34},"end":{"line":37,"column":null}}],"line":37},"2":{"loc":{"start":{"line":41,"column":2},"end":{"line":41,"column":null}},"type":"if","locations":[{"start":{"line":41,"column":2},"end":{"line":41,"column":null}},{"start":{},"end":{}}],"line":41},"3":{"loc":{"start":{"line":41,"column":6},"end":{"line":41,"column":62}},"type":"binary-expr","locations":[{"start":{"line":41,"column":6},"end":{"line":41,"column":39}},{"start":{"line":41,"column":39},"end":{"line":41,"column":62}}],"line":41},"4":{"loc":{"start":{"line":55,"column":2},"end":{"line":55,"column":null}},"type":"if","locations":[{"start":{"line":55,"column":2},"end":{"line":55,"column":null}},{"start":{},"end":{}}],"line":55},"5":{"loc":{"start":{"line":55,"column":6},"end":{"line":55,"column":66}},"type":"binary-expr","locations":[{"start":{"line":55,"column":6},"end":{"line":55,"column":35}},{"start":{"line":55,"column":35},"end":{"line":55,"column":66}}],"line":55},"6":{"loc":{"start":{"line":71,"column":2},"end":{"line":74,"column":null}},"type":"if","locations":[{"start":{"line":71,"column":2},"end":{"line":74,"column":null}},{"start":{},"end":{}}],"line":71},"7":{"loc":{"start":{"line":82,"column":2},"end":{"line":91,"column":null}},"type":"if","locations":[{"start":{"line":82,"column":2},"end":{"line":91,"column":null}},{"start":{},"end":{}}],"line":82},"8":{"loc":{"start":{"line":86,"column":6},"end":{"line":86,"column":null}},"type":"if","locations":[{"start":{"line":86,"column":6},"end":{"line":86,"column":null}},{"start":{},"end":{}}],"line":86},"9":{"loc":{"start":{"line":96,"column":4},"end":{"line":96,"column":null}},"type":"if","locations":[{"start":{"line":96,"column":4},"end":{"line":96,"column":null}},{"start":{},"end":{}}],"line":96},"10":{"loc":{"start":{"line":107,"column":4},"end":{"line":109,"column":null}},"type":"if","locations":[{"start":{"line":107,"column":4},"end":{"line":109,"column":null}},{"start":{},"end":{}}],"line":107},"11":{"loc":{"start":{"line":111,"column":4},"end":{"line":113,"column":null}},"type":"if","locations":[{"start":{"line":111,"column":4},"end":{"line":113,"column":null}},{"start":{},"end":{}}],"line":111},"12":{"loc":{"start":{"line":119,"column":4},"end":{"line":126,"column":null}},"type":"if","locations":[{"start":{"line":119,"column":4},"end":{"line":126,"column":null}},{"start":{},"end":{}}],"line":119},"13":{"loc":{"start":{"line":130,"column":18},"end":{"line":130,"column":null}},"type":"binary-expr","locations":[{"start":{"line":130,"column":18},"end":{"line":130,"column":45}},{"start":{"line":130,"column":45},"end":{"line":130,"column":null}}],"line":130},"14":{"loc":{"start":{"line":131,"column":4},"end":{"line":141,"column":null}},"type":"if","locations":[{"start":{"line":131,"column":4},"end":{"line":141,"column":null}},{"start":{},"end":{}}],"line":131},"15":{"loc":{"start":{"line":133,"column":8},"end":{"line":133,"column":null}},"type":"cond-expr","locations":[{"start":{"line":133,"column":43},"end":{"line":133,"column":69}},{"start":{"line":133,"column":69},"end":{"line":133,"column":null}}],"line":133},"16":{"loc":{"start":{"line":133,"column":76},"end":{"line":133,"column":97}},"type":"binary-expr","locations":[{"start":{"line":133,"column":76},"end":{"line":133,"column":95}},{"start":{"line":133,"column":95},"end":{"line":133,"column":97}}],"line":133},"17":{"loc":{"start":{"line":136,"column":16},"end":{"line":136,"column":null}},"type":"cond-expr","locations":[{"start":{"line":136,"column":34},"end":{"line":136,"column":59}},{"start":{"line":136,"column":59},"end":{"line":136,"column":null}}],"line":136},"18":{"loc":{"start":{"line":137,"column":17},"end":{"line":137,"column":null}},"type":"binary-expr","locations":[{"start":{"line":137,"column":17},"end":{"line":137,"column":27}},{"start":{"line":137,"column":27},"end":{"line":137,"column":null}}],"line":137},"19":{"loc":{"start":{"line":163,"column":20},"end":{"line":163,"column":null}},"type":"cond-expr","locations":[{"start":{"line":163,"column":45},"end":{"line":163,"column":61}},{"start":{"line":163,"column":61},"end":{"line":163,"column":null}}],"line":163},"20":{"loc":{"start":{"line":176,"column":2},"end":{"line":178,"column":null}},"type":"if","locations":[{"start":{"line":176,"column":2},"end":{"line":178,"column":null}},{"start":{},"end":{}}],"line":176},"21":{"loc":{"start":{"line":184,"column":4},"end":{"line":184,"column":null}},"type":"if","locations":[{"start":{"line":184,"column":4},"end":{"line":184,"column":null}},{"start":{},"end":{}}],"line":184},"22":{"loc":{"start":{"line":189,"column":4},"end":{"line":192,"column":null}},"type":"if","locations":[{"start":{"line":189,"column":4},"end":{"line":192,"column":null}},{"start":{},"end":{}}],"line":189},"23":{"loc":{"start":{"line":197,"column":15},"end":{"line":197,"column":null}},"type":"binary-expr","locations":[{"start":{"line":197,"column":15},"end":{"line":197,"column":24}},{"start":{"line":197,"column":24},"end":{"line":197,"column":null}}],"line":197},"24":{"loc":{"start":{"line":198,"column":14},"end":{"line":198,"column":null}},"type":"binary-expr","locations":[{"start":{"line":198,"column":14},"end":{"line":198,"column":22}},{"start":{"line":198,"column":22},"end":{"line":198,"column":null}}],"line":198}},"s":{"0":0,"1":0,"2":0,"3":0,"4":0,"5":0,"6":0,"7":0,"8":0,"9":0,"10":0,"11":0,"12":0,"13":0,"14":0,"15":0,"16":0,"17":0,"18":0,"19":0,"20":0,"21":0,"22":0,"23":0,"24":0,"25":0,"26":0,"27":0,"28":0,"29":0,"30":0,"31":0,"32":0,"33":0,"34":0,"35":0,"36":0,"37":0,"38":0,"39":0,"40":0,"41":0,"42":0,"43":0,"44":0,"45":0,"46":0,"47":0,"48":0,"49":0,"50":0,"51":0,"52":0,"53":0,"54":0,"55":0,"56":0,"57":0,"58":0,"59":0,"60":0,"61":0,"62":0,"63":0,"64":0,"65":0,"66":0,"67":0,"68":0,"69":0,"70":0,"71":0,"72":0,"73":0,"74":0,"75":0,"76":0,"77":0,"78":0,"79":0,"80":0,"81":0,"82":0,"83":0,"84":0,"85":0,"86":0,"87":0,"88":0},"f":{"0":0,"1":0,"2":0,"3":0,"4":0,"5":0,"6":0,"7":0,"8":0},"b":{"0":[0,0],"1":[0,0],"2":[0,0],"3":[0,0],"4":[0,0],"5":[0,0],"6":[0,0],"7":[0,0],"8":[0,0],"9":[0,0],"10":[0,0],"11":[0,0],"12":[0,0],"13":[0,0],"14":[0,0],"15":[0,0],"16":[0,0],"17":[0,0],"18":[0,0],"19":[0,0],"20":[0,0],"21":[0,0],"22":[0,0],"23":[0,0],"24":[0,0]},"meta":{"lastBranch":25,"lastFunction":9,"lastStatement":89,"seen":{"s:22:36:22:Infinity":0,"s:23:36:23:Infinity":1,"f:25:16:25:50":0,"s:26:24:26:Infinity":2,"b:27:2:27:Infinity:undefined:undefined:undefined:undefined":0,"s:27:2:27:Infinity":3,"s:27:21:27:Infinity":4,"s:29:16:29:Infinity":5,"s:37:2:37:Infinity":6,"b:37:9:37:34:37:34:37:Infinity":1,"f:40:15:40:43":1,"b:41:2:41:Infinity:undefined:undefined:undefined:undefined":2,"s:41:2:41:Infinity":7,"b:41:6:41:39:41:39:41:62":3,"s:41:62:41:Infinity":8,"s:43:24:43:Infinity":9,"s:44:2:50:Infinity":10,"f:45:24:45:37":2,"s:45:37:49:Infinity":11,"s:51:2:51:Infinity":12,"f:54:15:54:38":3,"b:55:2:55:Infinity:undefined:undefined:undefined:undefined":4,"s:55:2:55:Infinity":13,"b:55:6:55:35:55:35:55:66":5,"s:55:66:55:Infinity":14,"s:57:24:57:Infinity":15,"s:58:2:63:Infinity":16,"s:64:2:64:Infinity":17,"f:67:15:67:93":4,"s:68:24:68:Infinity":18,"s:69:37:69:Infinity":19,"s:70:20:70:Infinity":20,"b:71:2:74:Infinity:undefined:undefined:undefined:undefined":6,"s:71:2:74:Infinity":21,"s:72:23:72:Infinity":22,"s:73:4:73:Infinity":23,"s:75:2:75:Infinity":24,"f:78:15:78:32":5,"s:79:24:79:Infinity":25,"s:80:27:80:Infinity":26,"b:82:2:91:Infinity:undefined:undefined:undefined:undefined":7,"s:82:2:91:Infinity":27,"s:83:4:90:Infinity":28,"s:84:23:84:Infinity":29,"s:85:20:85:Infinity":30,"b:86:6:86:Infinity:undefined:undefined:undefined:undefined":8,"s:86:6:86:Infinity":31,"s:86:17:86:Infinity":32,"s:88:6:88:Infinity":33,"s:89:6:89:Infinity":34,"s:93:2:100:Infinity":35,"s:94:21:94:Infinity":36,"s:95:18:95:Infinity":37,"b:96:4:96:Infinity:undefined:undefined:undefined:undefined":9,"s:96:4:96:Infinity":38,"s:96:15:96:Infinity":39,"s:98:4:98:Infinity":40,"s:99:4:99:Infinity":41,"s:102:2:102:Infinity":42,"f:105:22:105:95":6,"s:106:2:171:Infinity":43,"b:107:4:109:Infinity:undefined:undefined:undefined:undefined":10,"s:107:4:109:Infinity":44,"s:108:6:108:Infinity":45,"b:111:4:113:Infinity:undefined:undefined:undefined:undefined":11,"s:111:4:113:Infinity":46,"s:112:6:112:Infinity":47,"s:115:4:115:Infinity":48,"s:116:4:116:Infinity":49,"s:118:23:118:Infinity":50,"b:119:4:126:Infinity:undefined:undefined:undefined:undefined":12,"s:119:4:126:Infinity":51,"s:120:6:125:Infinity":52,"s:128:22:128:Infinity":53,"s:129:22:129:Infinity":54,"s:130:18:130:Infinity":55,"b:130:18:130:45:130:45:130:Infinity":13,"b:131:4:141:Infinity:undefined:undefined:undefined:undefined":14,"s:131:4:141:Infinity":56,"s:133:8:133:Infinity":57,"b:133:43:133:69:133:69:133:Infinity":15,"b:133:76:133:95:133:95:133:97":16,"s:134:6:140:Infinity":58,"b:136:34:136:59:136:59:136:Infinity":17,"b:137:17:137:27:137:27:137:Infinity":18,"s:143:4:148:Infinity":59,"s:144:31:144:Infinity":60,"s:145:6:145:Infinity":61,"s:147:6:147:Infinity":62,"s:150:4:155:Infinity":63,"s:151:22:151:Infinity":64,"s:152:6:152:Infinity":65,"s:154:6:154:Infinity":66,"s:157:4:161:Infinity":67,"s:163:20:163:Infinity":68,"b:163:45:163:61:163:61:163:Infinity":19,"s:164:4:164:Infinity":69,"s:165:4:170:Infinity":70,"f:174:22:174:82":7,"s:175:17:175:Infinity":71,"b:176:2:178:Infinity:undefined:undefined:undefined:undefined":20,"s:176:2:178:Infinity":72,"s:177:4:177:Infinity":73,"s:179:2:179:Infinity":74,"f:182:22:182:53":8,"s:183:2:206:Infinity":75,"b:184:4:184:Infinity:undefined:undefined:undefined:undefined":21,"s:184:4:184:Infinity":76,"s:184:31:184:Infinity":77,"s:186:4:186:Infinity":78,"s:187:4:187:Infinity":79,"s:188:23:188:Infinity":80,"b:189:4:192:Infinity:undefined:undefined:undefined:undefined":22,"s:189:4:192:Infinity":81,"s:190:6:190:Infinity":82,"s:191:6:191:Infinity":83,"s:194:26:194:Infinity":84,"s:195:4:201:Infinity":85,"b:197:15:197:24:197:24:197:Infinity":23,"b:198:14:198:22:198:22:198:Infinity":24,"s:202:4:202:Infinity":86,"s:204:4:204:Infinity":87,"s:205:4:205:Infinity":88}}}
,"/home/handy/pinf/app_end/utils/whoData.ts": {"path":"/home/handy/pinf/app_end/utils/whoData.ts","statementMap":{"0":{"start":{"line":50,"column":41},"end":{"line":97,"column":null}},"1":{"start":{"line":100,"column":43},"end":{"line":147,"column":null}},"2":{"start":{"line":155,"column":41},"end":{"line":202,"column":null}},"3":{"start":{"line":205,"column":43},"end":{"line":252,"column":null}},"4":{"start":{"line":260,"column":39},"end":{"line":307,"column":null}},"5":{"start":{"line":310,"column":41},"end":{"line":357,"column":null}},"6":{"start":{"line":367,"column":20},"end":{"line":367,"column":null}},"7":{"start":{"line":368,"column":20},"end":{"line":368,"column":null}},"8":{"start":{"line":370,"column":46},"end":{"line":377,"column":null}},"9":{"start":{"line":379,"column":18},"end":{"line":379,"column":null}},"10":{"start":{"line":380,"column":2},"end":{"line":380,"column":null}},"11":{"start":{"line":393,"column":22},"end":{"line":393,"column":null}},"12":{"start":{"line":395,"column":2},"end":{"line":401,"column":null}},"13":{"start":{"line":397,"column":4},"end":{"line":397,"column":null}},"14":{"start":{"line":400,"column":4},"end":{"line":400,"column":null}},"15":{"start":{"line":414,"column":22},"end":{"line":414,"column":null}},"16":{"start":{"line":416,"column":2},"end":{"line":422,"column":null}},"17":{"start":{"line":418,"column":4},"end":{"line":418,"column":null}},"18":{"start":{"line":421,"column":4},"end":{"line":421,"column":null}},"19":{"start":{"line":431,"column":15},"end":{"line":431,"column":null}},"20":{"start":{"line":432,"column":15},"end":{"line":432,"column":null}},"21":{"start":{"line":434,"column":13},"end":{"line":434,"column":null}},"22":{"start":{"line":435,"column":13},"end":{"line":435,"column":null}},"23":{"start":{"line":436,"column":13},"end":{"line":436,"column":null}},"24":{"start":{"line":437,"column":13},"end":{"line":437,"column":null}},"25":{"start":{"line":438,"column":13},"end":{"line":438,"column":null}},"26":{"start":{"line":439,"column":12},"end":{"line":439,"column":null}},"27":{"start":{"line":441,"column":12},"end":{"line":441,"column":null}},"28":{"start":{"line":442,"column":12},"end":{"line":442,"column":null}},"29":{"start":{"line":444,"column":2},"end":{"line":444,"column":null}},"30":{"start":{"line":450,"column":59},"end":{"line":466,"column":null}},"31":{"start":{"line":472,"column":2},"end":{"line":476,"column":null}},"32":{"start":{"line":473,"column":4},"end":{"line":475,"column":null}},"33":{"start":{"line":474,"column":6},"end":{"line":474,"column":null}},"34":{"start":{"line":478,"column":2},"end":{"line":478,"column":null}}},"fnMap":{"0":{"name":"getWHOMetricData","decl":{"start":{"line":366,"column":16},"end":{"line":366,"column":33}},"loc":{"start":{"line":366,"column":83},"end":{"line":381,"column":null}},"line":366},"1":{"name":"calculatePercentileFromLMS","decl":{"start":{"line":392,"column":16},"end":{"line":392,"column":43}},"loc":{"start":{"line":392,"column":82},"end":{"line":402,"column":null}},"line":392},"2":{"name":"calculateZScore","decl":{"start":{"line":413,"column":16},"end":{"line":413,"column":32}},"loc":{"start":{"line":413,"column":70},"end":{"line":423,"column":null}},"line":413},"3":{"name":"zScoreToPercentile","decl":{"start":{"line":428,"column":16},"end":{"line":428,"column":35}},"loc":{"start":{"line":428,"column":59},"end":{"line":445,"column":null}},"line":428},"4":{"name":"percentileToZScore","decl":{"start":{"line":471,"column":16},"end":{"line":471,"column":35}},"loc":{"start":{"line":471,"column":63},"end":{"line":479,"column":null}},"line":471}},"branchMap":{"0":{"loc":{"start":{"line":367,"column":20},"end":{"line":367,"column":null}},"type":"cond-expr","locations":[{"start":{"line":367,"column":40},"end":{"line":367,"column":49}},{"start":{"line":367,"column":49},"end":{"line":367,"column":null}}],"line":367},"1":{"loc":{"start":{"line":380,"column":9},"end":{"line":380,"column":null}},"type":"binary-expr","locations":[{"start":{"line":380,"column":9},"end":{"line":380,"column":29}},{"start":{"line":380,"column":29},"end":{"line":380,"column":null}}],"line":380},"2":{"loc":{"start":{"line":395,"column":2},"end":{"line":401,"column":null}},"type":"if","locations":[{"start":{"line":395,"column":2},"end":{"line":401,"column":null}},{"start":{"line":398,"column":9},"end":{"line":401,"column":null}}],"line":395},"3":{"loc":{"start":{"line":416,"column":2},"end":{"line":422,"column":null}},"type":"if","locations":[{"start":{"line":416,"column":2},"end":{"line":422,"column":null}},{"start":{"line":419,"column":9},"end":{"line":422,"column":null}}],"line":416},"4":{"loc":{"start":{"line":431,"column":15},"end":{"line":431,"column":null}},"type":"cond-expr","locations":[{"start":{"line":431,"column":28},"end":{"line":431,"column":33}},{"start":{"line":431,"column":33},"end":{"line":431,"column":null}}],"line":431},"5":{"loc":{"start":{"line":444,"column":9},"end":{"line":444,"column":null}},"type":"cond-expr","locations":[{"start":{"line":444,"column":18},"end":{"line":444,"column":43}},{"start":{"line":444,"column":36},"end":{"line":444,"column":null}}],"line":444},"6":{"loc":{"start":{"line":473,"column":4},"end":{"line":475,"column":null}},"type":"if","locations":[{"start":{"line":473,"column":4},"end":{"line":475,"column":null}},{"start":{},"end":{}}],"line":473}},"s":{"0":1,"1":1,"2":1,"3":1,"4":1,"5":1,"6":7,"7":7,"8":7,"9":7,"10":7,"11":0,"12":0,"13":0,"14":0,"15":0,"16":0,"17":0,"18":0,"19":0,"20":0,"21":0,"22":0,"23":0,"24":0,"25":0,"26":0,"27":0,"28":0,"29":0,"30":1,"31":0,"32":0,"33":0,"34":0},"f":{"0":7,"1":0,"2":0,"3":0,"4":0},"b":{"0":[7,0],"1":[7,0],"2":[0,0],"3":[0,0],"4":[0,0],"5":[0,0],"6":[0,0]},"meta":{"lastBranch":7,"lastFunction":5,"lastStatement":35,"seen":{"s:50:41:97:Infinity":0,"s:100:43:147:Infinity":1,"s:155:41:202:Infinity":2,"s:205:43:252:Infinity":3,"s:260:39:307:Infinity":4,"s:310:41:357:Infinity":5,"f:366:16:366:33":0,"s:367:20:367:Infinity":6,"b:367:40:367:49:367:49:367:Infinity":0,"s:368:20:368:Infinity":7,"s:370:46:377:Infinity":8,"s:379:18:379:Infinity":9,"s:380:2:380:Infinity":10,"b:380:9:380:29:380:29:380:Infinity":1,"f:392:16:392:43":1,"s:393:22:393:Infinity":11,"b:395:2:401:Infinity:398:9:401:Infinity":2,"s:395:2:401:Infinity":12,"s:397:4:397:Infinity":13,"s:400:4:400:Infinity":14,"f:413:16:413:32":2,"s:414:22:414:Infinity":15,"b:416:2:422:Infinity:419:9:422:Infinity":3,"s:416:2:422:Infinity":16,"s:418:4:418:Infinity":17,"s:421:4:421:Infinity":18,"f:428:16:428:35":3,"s:431:15:431:Infinity":19,"b:431:28:431:33:431:33:431:Infinity":4,"s:432:15:432:Infinity":20,"s:434:13:434:Infinity":21,"s:435:13:435:Infinity":22,"s:436:13:436:Infinity":23,"s:437:13:437:Infinity":24,"s:438:13:438:Infinity":25,"s:439:12:439:Infinity":26,"s:441:12:441:Infinity":27,"s:442:12:442:Infinity":28,"s:444:2:444:Infinity":29,"b:444:18:444:43:444:36:444:Infinity":5,"s:450:59:466:Infinity":30,"f:471:16:471:35":4,"s:472:2:476:Infinity":31,"b:473:4:475:Infinity:undefined:undefined:undefined:undefined":6,"s:473:4:475:Infinity":32,"s:474:6:474:Infinity":33,"s:478:2:478:Infinity":34}}}
}
